#! /usr/bin/vvp
:ivl_version "13.0 (stable)" "(v13_0-dirty)";
:ivl_delay_selection "TYPICAL";
:vpi_time_precision - 12;
:vpi_module "/usr/lib/ivl/system.vpi";
:vpi_module "/usr/lib/ivl/vhdl_sys.vpi";
:vpi_module "/usr/lib/ivl/vhdl_textio.vpi";
:vpi_module "/usr/lib/ivl/v2005_math.vpi";
:vpi_module "/usr/lib/ivl/va_math.vpi";
S_0x55cac1b1a980 .scope module, "mult_TB" "mult_TB" 2 3;
 .timescale -9 -12;
P_0x55cac1b1ab10 .param/real "DUTY_CYCLE" 0 2 13, Cr<m4000000000000000gfc1>; value=0.500000
P_0x55cac1b1ab50 .param/l "OFFSET" 0 2 14, +C4<00000000000000000000000000000000>;
P_0x55cac1b1ab90 .param/l "PERIOD" 0 2 12, +C4<00000000000000000000000000010100>;
v0x55cac1b43810_0 .var "a", 15 0;
v0x55cac1b43940_0 .var "b", 15 0;
v0x55cac1b43a50_0 .var "clk", 0 0;
v0x55cac1b43af0_0 .net "done", 0 0, v0x55cac1b41520_0;  1 drivers
v0x55cac1b43be0_0 .var "i", 20 0;
v0x55cac1b43cf0_0 .var "init", 0 0;
v0x55cac1b43de0_0 .net "r", 31 0, v0x55cac1b21a50_0;  1 drivers
v0x55cac1b43ef0_0 .var "rst", 0 0;
E_0x55cac1b0e500 .event posedge, v0x55cac1b41520_0;
E_0x55cac1b0ffb0 .event negedge, v0x55cac1b20e40_0;
E_0x55cac1b0f060 .event "reset_trigger";
E_0x55cac1b0e660 .event "reset_done_trigger";
S_0x55cac1b1acb0 .scope begin, "TEST_CASE" "TEST_CASE" 2 60, 2 60 0, S_0x55cac1b1a980;
 .timescale -9 -12;
S_0x55cac1b1d070 .scope module, "uut" "mult" 2 11, 3 1 0, S_0x55cac1b1a980;
 .timescale -9 -12;
    .port_info 0 /INPUT 1 "clk";
    .port_info 1 /INPUT 1 "init";
    .port_info 2 /INPUT 1 "rst";
    .port_info 3 /INPUT 16 "A";
    .port_info 4 /INPUT 16 "B";
    .port_info 5 /OUTPUT 32 "resultado";
    .port_info 6 /OUTPUT 1 "done";
P_0x55cac1b1d250 .param/l "width" 0 3 2, +C4<00000000000000000000000000000100>;
v0x55cac1b42cc0_0 .net "A", 15 0, v0x55cac1b43810_0;  1 drivers
v0x55cac1b42da0_0 .net "B", 15 0, v0x55cac1b43940_0;  1 drivers
v0x55cac1b42e40_0 .net "clk", 0 0, v0x55cac1b43a50_0;  1 drivers
v0x55cac1b42f10_0 .net "done", 0 0, v0x55cac1b41520_0;  alias, 1 drivers
v0x55cac1b42fe0_0 .net "init", 0 0, v0x55cac1b43cf0_0;  1 drivers
v0x55cac1b43080_0 .net "resultado", 31 0, v0x55cac1b21a50_0;  alias, 1 drivers
v0x55cac1b43150_0 .net "rst", 0 0, v0x55cac1b43ef0_0;  1 drivers
v0x55cac1b431f0_0 .net "w_a", 31 0, v0x55cac1b42a10_0;  1 drivers
v0x55cac1b432e0_0 .net "w_add", 0 0, v0x55cac1b41280_0;  1 drivers
v0x55cac1b43410_0 .net "w_b", 31 0, v0x55cac1b42220_0;  1 drivers
v0x55cac1b43500_0 .net "w_load", 0 0, v0x55cac1b416f0_0;  1 drivers
v0x55cac1b43630_0 .net "w_sh", 0 0, v0x55cac1b41880_0;  1 drivers
v0x55cac1b436d0_0 .net "w_z", 0 0, v0x55cac1af53e0_0;  1 drivers
L_0x55cac1b43f90 .part v0x55cac1b42a10_0, 0, 1;
S_0x55cac1b09760 .scope module, "acc" "acumulador" 3 24, 4 1 0, S_0x55cac1b1d070;
 .timescale -9 -12;
    .port_info 0 /INPUT 1 "rst";
    .port_info 1 /INPUT 1 "clk";
    .port_info 2 /INPUT 32 "b";
    .port_info 3 /INPUT 1 "add";
    .port_info 4 /OUTPUT 32 "out_r";
    .port_info 5 /INPUT 1 "load";
v0x55cac1afb500_0 .net "add", 0 0, v0x55cac1b41280_0;  alias, 1 drivers
v0x55cac1b20af0_0 .net "b", 31 0, v0x55cac1b42220_0;  alias, 1 drivers
v0x55cac1b20e40_0 .net "clk", 0 0, v0x55cac1b43a50_0;  alias, 1 drivers
v0x55cac1b21280_0 .net "load", 0 0, v0x55cac1b416f0_0;  alias, 1 drivers
v0x55cac1b21a50_0 .var "out_r", 31 0;
v0x55cac1af9a90_0 .net "rst", 0 0, v0x55cac1b43ef0_0;  alias, 1 drivers
E_0x55cac1b0eaf0 .event posedge, v0x55cac1af9a90_0, v0x55cac1b20e40_0;
S_0x55cac1b40920 .scope module, "comp" "comparador" 3 25, 5 1 0, S_0x55cac1b1d070;
 .timescale -9 -12;
    .port_info 0 /INPUT 1 "rst";
    .port_info 1 /INPUT 32 "a";
    .port_info 2 /OUTPUT 1 "z";
v0x55cac1af2d40_0 .net "a", 31 0, v0x55cac1b42a10_0;  alias, 1 drivers
v0x55cac1af2e40_0 .net "rst", 0 0, v0x55cac1b43ef0_0;  alias, 1 drivers
v0x55cac1af53e0_0 .var "z", 0 0;
E_0x55cac1b0e3a0 .event anyedge, v0x55cac1af9a90_0, v0x55cac1af2d40_0;
S_0x55cac1b40c20 .scope module, "ctrl" "Control" 3 21, 6 1 0, S_0x55cac1b1d070;
 .timescale -9 -12;
    .port_info 0 /INPUT 1 "rst";
    .port_info 1 /INPUT 1 "clk";
    .port_info 2 /INPUT 1 "init";
    .port_info 3 /INPUT 1 "ao";
    .port_info 4 /OUTPUT 1 "shift";
    .port_info 5 /OUTPUT 1 "load";
    .port_info 6 /OUTPUT 1 "add";
    .port_info 7 /INPUT 1 "z";
    .port_info 8 /OUTPUT 1 "done";
P_0x55cac1b40e00 .param/l "ACCUMULATE" 0 6 16, C4<010>;
P_0x55cac1b40e40 .param/l "CHECK" 0 6 15, C4<001>;
P_0x55cac1b40e80 .param/l "ECHECK" 0 6 18, C4<100>;
P_0x55cac1b40ec0 .param/l "END" 0 6 19, C4<101>;
P_0x55cac1b40f00 .param/l "SHIFT" 0 6 17, C4<011>;
P_0x55cac1b40f40 .param/l "START" 0 6 14, C4<000>;
v0x55cac1b41280_0 .var "add", 0 0;
v0x55cac1b41340_0 .net "ao", 0 0, L_0x55cac1b43f90;  1 drivers
v0x55cac1b413e0_0 .net "clk", 0 0, v0x55cac1b43a50_0;  alias, 1 drivers
v0x55cac1b41480_0 .var "count", 3 0;
v0x55cac1b41520_0 .var "done", 0 0;
v0x55cac1b41630_0 .net "init", 0 0, v0x55cac1b43cf0_0;  alias, 1 drivers
v0x55cac1b416f0_0 .var "load", 0 0;
v0x55cac1b41790_0 .net "rst", 0 0, v0x55cac1b43ef0_0;  alias, 1 drivers
v0x55cac1b41880_0 .var "shift", 0 0;
v0x55cac1b41920_0 .var "state", 2 0;
v0x55cac1b41a00_0 .var "state_name", 320 1;
v0x55cac1b41ae0_0 .net "z", 0 0, v0x55cac1af53e0_0;  alias, 1 drivers
E_0x55cac1b19450 .event anyedge, v0x55cac1b41920_0;
S_0x55cac1b41c80 .scope module, "lsh" "Corrimiento_iz" 3 22, 7 1 0, S_0x55cac1b1d070;
 .timescale -9 -12;
    .port_info 0 /INPUT 1 "rst";
    .port_info 1 /INPUT 1 "clk";
    .port_info 2 /INPUT 1 "shift";
    .port_info 3 /INPUT 1 "load";
    .port_info 4 /INPUT 16 "b";
    .port_info 5 /OUTPUT 32 "out_b";
v0x55cac1b41f20_0 .net "b", 15 0, v0x55cac1b43940_0;  alias, 1 drivers
v0x55cac1b42020_0 .net "clk", 0 0, v0x55cac1b43a50_0;  alias, 1 drivers
v0x55cac1b42130_0 .net "load", 0 0, v0x55cac1b416f0_0;  alias, 1 drivers
v0x55cac1b42220_0 .var "out_b", 31 0;
v0x55cac1b422c0_0 .net "rst", 0 0, v0x55cac1b43ef0_0;  alias, 1 drivers
v0x55cac1b423b0_0 .net "shift", 0 0, v0x55cac1b41880_0;  alias, 1 drivers
E_0x55cac1ae7660 .event posedge, v0x55cac1b20e40_0;
S_0x55cac1b424b0 .scope module, "rsh" "Corrimiento_de" 3 23, 8 1 0, S_0x55cac1b1d070;
 .timescale -9 -12;
    .port_info 0 /INPUT 1 "rst";
    .port_info 1 /INPUT 1 "clk";
    .port_info 2 /INPUT 1 "shift";
    .port_info 3 /INPUT 1 "load";
    .port_info 4 /INPUT 16 "a";
    .port_info 5 /OUTPUT 32 "out_a";
v0x55cac1b427b0_0 .net "a", 15 0, v0x55cac1b43810_0;  alias, 1 drivers
v0x55cac1b428b0_0 .net "clk", 0 0, v0x55cac1b43a50_0;  alias, 1 drivers
v0x55cac1b42970_0 .net "load", 0 0, v0x55cac1b416f0_0;  alias, 1 drivers
v0x55cac1b42a10_0 .var "out_a", 31 0;
v0x55cac1b42ab0_0 .net "rst", 0 0, v0x55cac1b43ef0_0;  alias, 1 drivers
v0x55cac1b42ba0_0 .net "shift", 0 0, v0x55cac1b41880_0;  alias, 1 drivers
    .scope S_0x55cac1b40c20;
T_0 ;
    %wait E_0x55cac1b0eaf0;
    %load/vec4 v0x55cac1b41790_0;
    %flag_set/vec4 8;
    %jmp/0xz  T_0.0, 8;
    %pushi/vec4 0, 0, 3;
    %assign/vec4 v0x55cac1b41920_0, 0;
    %pushi/vec4 0, 0, 4;
    %assign/vec4 v0x55cac1b41480_0, 0;
    %jmp T_0.1;
T_0.0 ;
    %load/vec4 v0x55cac1b41920_0;
    %dup/vec4;
    %pushi/vec4 0, 0, 3;
    %cmp/u;
    %jmp/1 T_0.2, 6;
    %dup/vec4;
    %pushi/vec4 1, 0, 3;
    %cmp/u;
    %jmp/1 T_0.3, 6;
    %dup/vec4;
    %pushi/vec4 2, 0, 3;
    %cmp/u;
    %jmp/1 T_0.4, 6;
    %dup/vec4;
    %pushi/vec4 3, 0, 3;
    %cmp/u;
    %jmp/1 T_0.5, 6;
    %dup/vec4;
    %pushi/vec4 4, 0, 3;
    %cmp/u;
    %jmp/1 T_0.6, 6;
    %dup/vec4;
    %pushi/vec4 5, 0, 3;
    %cmp/u;
    %jmp/1 T_0.7, 6;
    %pushi/vec4 0, 0, 3;
    %assign/vec4 v0x55cac1b41920_0, 0;
    %jmp T_0.9;
T_0.2 ;
    %load/vec4 v0x55cac1b41630_0;
    %flag_set/vec4 8;
    %jmp/0xz  T_0.10, 8;
    %pushi/vec4 1, 0, 3;
    %assign/vec4 v0x55cac1b41920_0, 0;
    %jmp T_0.11;
T_0.10 ;
    %pushi/vec4 0, 0, 3;
    %assign/vec4 v0x55cac1b41920_0, 0;
T_0.11 ;
    %jmp T_0.9;
T_0.3 ;
    %load/vec4 v0x55cac1b41340_0;
    %flag_set/vec4 8;
    %jmp/0xz  T_0.12, 8;
    %pushi/vec4 2, 0, 3;
    %assign/vec4 v0x55cac1b41920_0, 0;
    %jmp T_0.13;
T_0.12 ;
    %pushi/vec4 3, 0, 3;
    %assign/vec4 v0x55cac1b41920_0, 0;
T_0.13 ;
    %jmp T_0.9;
T_0.4 ;
    %pushi/vec4 3, 0, 3;
    %assign/vec4 v0x55cac1b41920_0, 0;
    %jmp T_0.9;
T_0.5 ;
    %pushi/vec4 4, 0, 3;
    %assign/vec4 v0x55cac1b41920_0, 0;
    %jmp T_0.9;
T_0.6 ;
    %load/vec4 v0x55cac1b41ae0_0;
    %flag_set/vec4 8;
    %jmp/0xz  T_0.14, 8;
    %pushi/vec4 5, 0, 3;
    %assign/vec4 v0x55cac1b41920_0, 0;
    %jmp T_0.15;
T_0.14 ;
    %pushi/vec4 1, 0, 3;
    %assign/vec4 v0x55cac1b41920_0, 0;
T_0.15 ;
    %jmp T_0.9;
T_0.7 ;
    %load/vec4 v0x55cac1b41630_0;
    %flag_set/vec4 8;
    %jmp/0xz  T_0.16, 8;
    %pushi/vec4 0, 0, 3;
    %assign/vec4 v0x55cac1b41920_0, 0;
    %jmp T_0.17;
T_0.16 ;
    %pushi/vec4 5, 0, 3;
    %assign/vec4 v0x55cac1b41920_0, 0;
T_0.17 ;
    %jmp T_0.9;
T_0.9 ;
    %pop/vec4 1;
T_0.1 ;
    %jmp T_0;
    .thread T_0;
    .scope S_0x55cac1b40c20;
T_1 ;
    %wait E_0x55cac1b19450;
    %load/vec4 v0x55cac1b41920_0;
    %dup/vec4;
    %pushi/vec4 0, 0, 3;
    %cmp/u;
    %jmp/1 T_1.0, 6;
    %dup/vec4;
    %pushi/vec4 1, 0, 3;
    %cmp/u;
    %jmp/1 T_1.1, 6;
    %dup/vec4;
    %pushi/vec4 2, 0, 3;
    %cmp/u;
    %jmp/1 T_1.2, 6;
    %dup/vec4;
    %pushi/vec4 3, 0, 3;
    %cmp/u;
    %jmp/1 T_1.3, 6;
    %dup/vec4;
    %pushi/vec4 4, 0, 3;
    %cmp/u;
    %jmp/1 T_1.4, 6;
    %dup/vec4;
    %pushi/vec4 5, 0, 3;
    %cmp/u;
    %jmp/1 T_1.5, 6;
    %pushi/vec4 0, 0, 1;
    %store/vec4 v0x55cac1b416f0_0, 0, 1;
    %pushi/vec4 0, 0, 1;
    %store/vec4 v0x55cac1b41880_0, 0, 1;
    %pushi/vec4 0, 0, 1;
    %store/vec4 v0x55cac1b41280_0, 0, 1;
    %pushi/vec4 0, 0, 1;
    %store/vec4 v0x55cac1b41520_0, 0, 1;
    %jmp T_1.7;
T_1.0 ;
    %pushi/vec4 1, 0, 1;
    %store/vec4 v0x55cac1b416f0_0, 0, 1;
    %pushi/vec4 0, 0, 1;
    %store/vec4 v0x55cac1b41880_0, 0, 1;
    %pushi/vec4 0, 0, 1;
    %store/vec4 v0x55cac1b41280_0, 0, 1;
    %pushi/vec4 0, 0, 1;
    %store/vec4 v0x55cac1b41520_0, 0, 1;
    %jmp T_1.7;
T_1.1 ;
    %pushi/vec4 0, 0, 1;
    %store/vec4 v0x55cac1b416f0_0, 0, 1;
    %pushi/vec4 0, 0, 1;
    %store/vec4 v0x55cac1b41880_0, 0, 1;
    %pushi/vec4 0, 0, 1;
    %store/vec4 v0x55cac1b41280_0, 0, 1;
    %pushi/vec4 0, 0, 1;
    %store/vec4 v0x55cac1b41520_0, 0, 1;
    %jmp T_1.7;
T_1.2 ;
    %pushi/vec4 0, 0, 1;
    %store/vec4 v0x55cac1b416f0_0, 0, 1;
    %pushi/vec4 0, 0, 1;
    %store/vec4 v0x55cac1b41880_0, 0, 1;
    %pushi/vec4 1, 0, 1;
    %store/vec4 v0x55cac1b41280_0, 0, 1;
    %pushi/vec4 0, 0, 1;
    %store/vec4 v0x55cac1b41520_0, 0, 1;
    %jmp T_1.7;
T_1.3 ;
    %pushi/vec4 0, 0, 1;
    %store/vec4 v0x55cac1b416f0_0, 0, 1;
    %pushi/vec4 1, 0, 1;
    %store/vec4 v0x55cac1b41880_0, 0, 1;
    %pushi/vec4 0, 0, 1;
    %store/vec4 v0x55cac1b41280_0, 0, 1;
    %pushi/vec4 0, 0, 1;
    %store/vec4 v0x55cac1b41520_0, 0, 1;
    %jmp T_1.7;
T_1.4 ;
    %pushi/vec4 0, 0, 1;
    %store/vec4 v0x55cac1b416f0_0, 0, 1;
    %pushi/vec4 0, 0, 1;
    %store/vec4 v0x55cac1b41880_0, 0, 1;
    %pushi/vec4 0, 0, 1;
    %store/vec4 v0x55cac1b41280_0, 0, 1;
    %pushi/vec4 0, 0, 1;
    %store/vec4 v0x55cac1b41520_0, 0, 1;
    %jmp T_1.7;
T_1.5 ;
    %pushi/vec4 0, 0, 1;
    %store/vec4 v0x55cac1b416f0_0, 0, 1;
    %pushi/vec4 0, 0, 1;
    %store/vec4 v0x55cac1b41880_0, 0, 1;
    %pushi/vec4 0, 0, 1;
    %store/vec4 v0x55cac1b41280_0, 0, 1;
    %pushi/vec4 1, 0, 1;
    %store/vec4 v0x55cac1b41520_0, 0, 1;
    %jmp T_1.7;
T_1.7 ;
    %pop/vec4 1;
    %jmp T_1;
    .thread T_1, $push;
    .scope S_0x55cac1b40c20;
T_2 ;
    %wait E_0x55cac1b19450;
    %load/vec4 v0x55cac1b41920_0;
    %dup/vec4;
    %pushi/vec4 0, 0, 3;
    %cmp/u;
    %jmp/1 T_2.0, 6;
    %dup/vec4;
    %pushi/vec4 1, 0, 3;
    %cmp/u;
    %jmp/1 T_2.1, 6;
    %dup/vec4;
    %pushi/vec4 2, 0, 3;
    %cmp/u;
    %jmp/1 T_2.2, 6;
    %dup/vec4;
    %pushi/vec4 3, 0, 3;
    %cmp/u;
    %jmp/1 T_2.3, 6;
    %dup/vec4;
    %pushi/vec4 4, 0, 3;
    %cmp/u;
    %jmp/1 T_2.4, 6;
    %dup/vec4;
    %pushi/vec4 5, 0, 3;
    %cmp/u;
    %jmp/1 T_2.5, 6;
    %jmp T_2.6;
T_2.0 ;
    %pushi/vec4 0, 0, 32; draw_string_vec4
    %pushi/vec4 0, 0, 32; draw_string_vec4
    %concat/vec4; draw_string_vec4
    %pushi/vec4 0, 0, 32; draw_string_vec4
    %concat/vec4; draw_string_vec4
    %pushi/vec4 0, 0, 32; draw_string_vec4
    %concat/vec4; draw_string_vec4
    %pushi/vec4 0, 0, 32; draw_string_vec4
    %concat/vec4; draw_string_vec4
    %pushi/vec4 0, 0, 32; draw_string_vec4
    %concat/vec4; draw_string_vec4
    %pushi/vec4 0, 0, 32; draw_string_vec4
    %concat/vec4; draw_string_vec4
    %pushi/vec4 0, 0, 32; draw_string_vec4
    %concat/vec4; draw_string_vec4
    %pushi/vec4 83, 0, 32; draw_string_vec4
    %concat/vec4; draw_string_vec4
    %pushi/vec4 1413567060, 0, 32; draw_string_vec4
    %concat/vec4; draw_string_vec4
    %store/vec4 v0x55cac1b41a00_0, 0, 320;
    %jmp T_2.6;
T_2.1 ;
    %pushi/vec4 0, 0, 32; draw_string_vec4
    %pushi/vec4 0, 0, 32; draw_string_vec4
    %concat/vec4; draw_string_vec4
    %pushi/vec4 0, 0, 32; draw_string_vec4
    %concat/vec4; draw_string_vec4
    %pushi/vec4 0, 0, 32; draw_string_vec4
    %concat/vec4; draw_string_vec4
    %pushi/vec4 0, 0, 32; draw_string_vec4
    %concat/vec4; draw_string_vec4
    %pushi/vec4 0, 0, 32; draw_string_vec4
    %concat/vec4; draw_string_vec4
    %pushi/vec4 0, 0, 32; draw_string_vec4
    %concat/vec4; draw_string_vec4
    %pushi/vec4 0, 0, 32; draw_string_vec4
    %concat/vec4; draw_string_vec4
    %pushi/vec4 67, 0, 32; draw_string_vec4
    %concat/vec4; draw_string_vec4
    %pushi/vec4 1212498763, 0, 32; draw_string_vec4
    %concat/vec4; draw_string_vec4
    %store/vec4 v0x55cac1b41a00_0, 0, 320;
    %jmp T_2.6;
T_2.2 ;
    %pushi/vec4 0, 0, 32; draw_string_vec4
    %pushi/vec4 0, 0, 32; draw_string_vec4
    %concat/vec4; draw_string_vec4
    %pushi/vec4 0, 0, 32; draw_string_vec4
    %concat/vec4; draw_string_vec4
    %pushi/vec4 0, 0, 32; draw_string_vec4
    %concat/vec4; draw_string_vec4
    %pushi/vec4 0, 0, 32; draw_string_vec4
    %concat/vec4; draw_string_vec4
    %pushi/vec4 0, 0, 32; draw_string_vec4
    %concat/vec4; draw_string_vec4
    %pushi/vec4 0, 0, 32; draw_string_vec4
    %concat/vec4; draw_string_vec4
    %pushi/vec4 16707, 0, 32; draw_string_vec4
    %concat/vec4; draw_string_vec4
    %pushi/vec4 1129663829, 0, 32; draw_string_vec4
    %concat/vec4; draw_string_vec4
    %pushi/vec4 1279349829, 0, 32; draw_string_vec4
    %concat/vec4; draw_string_vec4
    %store/vec4 v0x55cac1b41a00_0, 0, 320;
    %jmp T_2.6;
T_2.3 ;
    %pushi/vec4 0, 0, 32; draw_string_vec4
    %pushi/vec4 0, 0, 32; draw_string_vec4
    %concat/vec4; draw_string_vec4
    %pushi/vec4 0, 0, 32; draw_string_vec4
    %concat/vec4; draw_string_vec4
    %pushi/vec4 0, 0, 32; draw_string_vec4
    %concat/vec4; draw_string_vec4
    %pushi/vec4 0, 0, 32; draw_string_vec4
    %concat/vec4; draw_string_vec4
    %pushi/vec4 0, 0, 32; draw_string_vec4
    %concat/vec4; draw_string_vec4
    %pushi/vec4 0, 0, 32; draw_string_vec4
    %concat/vec4; draw_string_vec4
    %pushi/vec4 0, 0, 32; draw_string_vec4
    %concat/vec4; draw_string_vec4
    %pushi/vec4 83, 0, 32; draw_string_vec4
    %concat/vec4; draw_string_vec4
    %pushi/vec4 1212761684, 0, 32; draw_string_vec4
    %concat/vec4; draw_string_vec4
    %store/vec4 v0x55cac1b41a00_0, 0, 320;
    %jmp T_2.6;
T_2.4 ;
    %pushi/vec4 0, 0, 32; draw_string_vec4
    %pushi/vec4 0, 0, 32; draw_string_vec4
    %concat/vec4; draw_string_vec4
    %pushi/vec4 0, 0, 32; draw_string_vec4
    %concat/vec4; draw_string_vec4
    %pushi/vec4 0, 0, 32; draw_string_vec4
    %concat/vec4; draw_string_vec4
    %pushi/vec4 0, 0, 32; draw_string_vec4
    %concat/vec4; draw_string_vec4
    %pushi/vec4 0, 0, 32; draw_string_vec4
    %concat/vec4; draw_string_vec4
    %pushi/vec4 0, 0, 32; draw_string_vec4
    %concat/vec4; draw_string_vec4
    %pushi/vec4 0, 0, 32; draw_string_vec4
    %concat/vec4; draw_string_vec4
    %pushi/vec4 17731, 0, 32; draw_string_vec4
    %concat/vec4; draw_string_vec4
    %pushi/vec4 1212498763, 0, 32; draw_string_vec4
    %concat/vec4; draw_string_vec4
    %store/vec4 v0x55cac1b41a00_0, 0, 320;
    %jmp T_2.6;
T_2.5 ;
    %pushi/vec4 0, 0, 32; draw_string_vec4
    %pushi/vec4 0, 0, 32; draw_string_vec4
    %concat/vec4; draw_string_vec4
    %pushi/vec4 0, 0, 32; draw_string_vec4
    %concat/vec4; draw_string_vec4
    %pushi/vec4 0, 0, 32; draw_string_vec4
    %concat/vec4; draw_string_vec4
    %pushi/vec4 0, 0, 32; draw_string_vec4
    %concat/vec4; draw_string_vec4
    %pushi/vec4 0, 0, 32; draw_string_vec4
    %concat/vec4; draw_string_vec4
    %pushi/vec4 0, 0, 32; draw_string_vec4
    %concat/vec4; draw_string_vec4
    %pushi/vec4 0, 0, 32; draw_string_vec4
    %concat/vec4; draw_string_vec4
    %pushi/vec4 0, 0, 32; draw_string_vec4
    %concat/vec4; draw_string_vec4
    %pushi/vec4 4542020, 0, 32; draw_string_vec4
    %concat/vec4; draw_string_vec4
    %store/vec4 v0x55cac1b41a00_0, 0, 320;
    %jmp T_2.6;
T_2.6 ;
    %pop/vec4 1;
    %jmp T_2;
    .thread T_2, $push;
    .scope S_0x55cac1b41c80;
T_3 ;
    %wait E_0x55cac1ae7660;
    %load/vec4 v0x55cac1b422c0_0;
    %flag_set/vec4 8;
    %jmp/0xz  T_3.0, 8;
    %pushi/vec4 0, 0, 32;
    %store/vec4 v0x55cac1b42220_0, 0, 32;
    %jmp T_3.1;
T_3.0 ;
    %load/vec4 v0x55cac1b42130_0;
    %flag_set/vec4 8;
    %jmp/0xz  T_3.2, 8;
    %pushi/vec4 0, 0, 16;
    %load/vec4 v0x55cac1b41f20_0;
    %concat/vec4; draw_concat_vec4
    %store/vec4 v0x55cac1b42220_0, 0, 32;
    %jmp T_3.3;
T_3.2 ;
    %load/vec4 v0x55cac1b423b0_0;
    %flag_set/vec4 8;
    %jmp/0xz  T_3.4, 8;
    %load/vec4 v0x55cac1b42220_0;
    %ix/load 4, 1, 0;
    %flag_set/imm 4, 0;
    %shiftl 4;
    %store/vec4 v0x55cac1b42220_0, 0, 32;
T_3.4 ;
T_3.3 ;
T_3.1 ;
    %jmp T_3;
    .thread T_3;
    .scope S_0x55cac1b424b0;
T_4 ;
    %wait E_0x55cac1ae7660;
    %load/vec4 v0x55cac1b42ab0_0;
    %flag_set/vec4 8;
    %jmp/0xz  T_4.0, 8;
    %pushi/vec4 0, 0, 32;
    %store/vec4 v0x55cac1b42a10_0, 0, 32;
    %jmp T_4.1;
T_4.0 ;
    %load/vec4 v0x55cac1b42970_0;
    %flag_set/vec4 8;
    %jmp/0xz  T_4.2, 8;
    %pushi/vec4 0, 0, 16;
    %load/vec4 v0x55cac1b427b0_0;
    %concat/vec4; draw_concat_vec4
    %store/vec4 v0x55cac1b42a10_0, 0, 32;
    %jmp T_4.3;
T_4.2 ;
    %load/vec4 v0x55cac1b42ba0_0;
    %flag_set/vec4 8;
    %jmp/0xz  T_4.4, 8;
    %load/vec4 v0x55cac1b42a10_0;
    %ix/load 4, 1, 0;
    %flag_set/imm 4, 0;
    %shiftr 4;
    %store/vec4 v0x55cac1b42a10_0, 0, 32;
T_4.4 ;
T_4.3 ;
T_4.1 ;
    %jmp T_4;
    .thread T_4;
    .scope S_0x55cac1b09760;
T_5 ;
    %wait E_0x55cac1b0eaf0;
    %load/vec4 v0x55cac1af9a90_0;
    %flag_set/vec4 8;
    %jmp/0xz  T_5.0, 8;
    %pushi/vec4 0, 0, 32;
    %assign/vec4 v0x55cac1b21a50_0, 0;
    %jmp T_5.1;
T_5.0 ;
    %load/vec4 v0x55cac1b21280_0;
    %flag_set/vec4 8;
    %jmp/0xz  T_5.2, 8;
    %pushi/vec4 0, 0, 32;
    %assign/vec4 v0x55cac1b21a50_0, 0;
    %jmp T_5.3;
T_5.2 ;
    %load/vec4 v0x55cac1afb500_0;
    %flag_set/vec4 8;
    %jmp/0xz  T_5.4, 8;
    %load/vec4 v0x55cac1b21a50_0;
    %load/vec4 v0x55cac1b20af0_0;
    %add;
    %assign/vec4 v0x55cac1b21a50_0, 0;
    %jmp T_5.5;
T_5.4 ;
    %load/vec4 v0x55cac1b21a50_0;
    %assign/vec4 v0x55cac1b21a50_0, 0;
T_5.5 ;
T_5.3 ;
T_5.1 ;
    %jmp T_5;
    .thread T_5;
    .scope S_0x55cac1b40920;
T_6 ;
    %wait E_0x55cac1b0e3a0;
    %load/vec4 v0x55cac1af2e40_0;
    %flag_set/vec4 8;
    %jmp/0xz  T_6.0, 8;
    %pushi/vec4 0, 0, 1;
    %store/vec4 v0x55cac1af53e0_0, 0, 1;
    %jmp T_6.1;
T_6.0 ;
    %load/vec4 v0x55cac1af2d40_0;
    %cmpi/e 0, 0, 32;
    %flag_mov 8, 4;
    %jmp/0 T_6.2, 8;
    %pushi/vec4 1, 0, 1;
    %jmp/1 T_6.3, 8;
T_6.2 ; End of true expr.
    %pushi/vec4 0, 0, 1;
    %jmp/0 T_6.3, 8;
 ; End of false expr.
    %blend;
T_6.3;
    %store/vec4 v0x55cac1af53e0_0, 0, 1;
T_6.1 ;
    %jmp T_6;
    .thread T_6, $push;
    .scope S_0x55cac1b1a980;
T_7 ;
T_7.0 ;
    %wait E_0x55cac1b0f060;
    %wait E_0x55cac1b0ffb0;
    %pushi/vec4 1, 0, 1;
    %store/vec4 v0x55cac1b43ef0_0, 0, 1;
    %wait E_0x55cac1b0ffb0;
    %pushi/vec4 0, 0, 1;
    %store/vec4 v0x55cac1b43ef0_0, 0, 1;
    %event E_0x55cac1b0e660;
    %jmp T_7.0;
T_7.1 ;
    %end;
    .thread T_7;
    .scope S_0x55cac1b1a980;
T_8 ;
    %pushi/vec4 0, 0, 1;
    %store/vec4 v0x55cac1b43a50_0, 0, 1;
    %pushi/vec4 1, 0, 1;
    %store/vec4 v0x55cac1b43ef0_0, 0, 1;
    %pushi/vec4 0, 0, 1;
    %store/vec4 v0x55cac1b43cf0_0, 0, 1;
    %pushi/vec4 247, 0, 16;
    %store/vec4 v0x55cac1b43940_0, 0, 16;
    %pushi/vec4 127, 0, 16;
    %store/vec4 v0x55cac1b43810_0, 0, 16;
    %end;
    .thread T_8;
    .scope S_0x55cac1b1a980;
T_9 ;
    %delay 0, 0;
T_9.0 ;
    %pushi/vec4 0, 0, 1;
    %store/vec4 v0x55cac1b43a50_0, 0, 1;
    %delay 10000, 0;
    %pushi/vec4 1, 0, 1;
    %store/vec4 v0x55cac1b43a50_0, 0, 1;
    %delay 10000, 0;
    %jmp T_9.0;
T_9.1 ;
    %end;
    .thread T_9;
    .scope S_0x55cac1b1a980;
T_10 ;
    %delay 10000, 0;
    %event E_0x55cac1b0f060;
    %wait E_0x55cac1b0e660;
    %wait E_0x55cac1ae7660;
    %pushi/vec4 0, 0, 1;
    %store/vec4 v0x55cac1b43cf0_0, 0, 1;
    %wait E_0x55cac1ae7660;
    %pushi/vec4 1, 0, 1;
    %store/vec4 v0x55cac1b43cf0_0, 0, 1;
    %pushi/vec4 0, 0, 21;
    %store/vec4 v0x55cac1b43be0_0, 0, 21;
T_10.0 ; Top of for-loop
    %load/vec4 v0x55cac1b43be0_0;
    %pad/u 32;
    %cmpi/u 2, 0, 32;
	  %jmp/0xz T_10.1, 5;
    %wait E_0x55cac1ae7660;
T_10.2 ; for-loop step statement
    %load/vec4 v0x55cac1b43be0_0;
    %addi 1, 0, 21;
    %store/vec4 v0x55cac1b43be0_0, 0, 21;
    %jmp T_10.0;
T_10.1 ; for-loop exit label
    %pushi/vec4 0, 0, 1;
    %store/vec4 v0x55cac1b43cf0_0, 0, 1;
    %pushi/vec4 0, 0, 21;
    %store/vec4 v0x55cac1b43be0_0, 0, 21;
T_10.3 ; Top of for-loop
    %load/vec4 v0x55cac1b43be0_0;
    %pad/u 32;
    %cmpi/u 17, 0, 32;
	  %jmp/0xz T_10.4, 5;
    %wait E_0x55cac1ae7660;
T_10.5 ; for-loop step statement
    %load/vec4 v0x55cac1b43be0_0;
    %addi 1, 0, 21;
    %store/vec4 v0x55cac1b43be0_0, 0, 21;
    %jmp T_10.3;
T_10.4 ; for-loop exit label
    %end;
    .thread T_10;
    .scope S_0x55cac1b1a980;
T_11 ;
    %wait E_0x55cac1b0e500;
    %vpi_call 2 56 "$display", " Multiplicador  : %d", v0x55cac1b43810_0 {0 0 0};
    %vpi_call 2 57 "$display", " Multiplicador  : %d", v0x55cac1b43940_0 {0 0 0};
    %vpi_call 2 58 "$display", " Resultado : %d", v0x55cac1b43de0_0 {0 0 0};
    %jmp T_11;
    .thread T_11;
    .scope S_0x55cac1b1a980;
T_12 ;
    %fork t_1, S_0x55cac1b1acb0;
    %jmp t_0;
    .scope S_0x55cac1b1acb0;
t_1 ;
    %vpi_call 2 61 "$dumpfile", "TB/mult_TB.vcd" {0 0 0};
    %vpi_call 2 62 "$dumpvars", 32'sb11111111111111111111111111111111, S_0x55cac1b1d070 {0 0 0};
    %delay 1200000, 0;
    %vpi_call 2 63 "$finish" {0 0 0};
    %end;
    .scope S_0x55cac1b1a980;
t_0 %join;
    %end;
    .thread T_12;
# The file index is used to find the file name in the following table.
:file_names 9;
    "N/A";
    "<interactive>";
    "TB/mult_TB.v";
    "mult.v";
    "Acc.v";
    "Comp.v";
    "Control.v";
    "Corr_iz.v";
    "Corr_de.v";
