#! /usr/bin/vvp
:ivl_version "13.0 (stable)" "(v13_0-dirty)";
:ivl_delay_selection "TYPICAL";
:vpi_time_precision - 12;
:vpi_module "/usr/lib/ivl/system.vpi";
:vpi_module "/usr/lib/ivl/vhdl_sys.vpi";
:vpi_module "/usr/lib/ivl/vhdl_textio.vpi";
:vpi_module "/usr/lib/ivl/v2005_math.vpi";
:vpi_module "/usr/lib/ivl/va_math.vpi";
S_0x55d84689bef0 .scope module, "raiz_TB" "raiz_TB" 2 4;
 .timescale -9 -12;
P_0x55d84689c080 .param/real "DUTY_CYCLE" 0 2 18, Cr<m4000000000000000gfc1>; value=0.500000
P_0x55d84689c0c0 .param/l "OFFSET" 0 2 19, +C4<00000000000000000000000000000000>;
P_0x55d84689c100 .param/l "PERIOD" 0 2 17, +C4<00000000000000000000000000010100>;
v0x55d8468cc450_0 .var "clk", 0 0;
v0x55d8468cc510_0 .net "done", 0 0, v0x55d8468ca7d0_0;  1 drivers
v0x55d8468cc620_0 .var "i", 20 0;
v0x55d8468cc6c0_0 .var "init", 0 0;
v0x55d8468cc780_0 .var "radical", 7 0;
v0x55d8468cc8e0_0 .net "resultado", 4 0, L_0x55d8468a5490;  1 drivers
v0x55d8468cc9a0_0 .var "rst", 0 0;
v0x55d8468cca40_0 .var "start", 0 0;
E_0x55d84689cc50 .event posedge, v0x55d8468ca7d0_0;
E_0x55d84689c950 .event posedge, v0x55d846874310_0;
E_0x55d84689a770 .event negedge, v0x55d846874310_0;
E_0x55d84689a450 .event "reset_trigger";
E_0x55d84689a030 .event "reset_done_trigger";
S_0x55d84689c220 .scope begin, "TEST_CASE" "TEST_CASE" 2 79, 2 79 0, S_0x55d84689bef0;
 .timescale -9 -12;
S_0x55d84689ed10 .scope module, "uut" "raiz" 2 15, 3 1 0, S_0x55d84689bef0;
 .timescale -9 -12;
    .port_info 0 /INPUT 1 "clk";
    .port_info 1 /INPUT 1 "rst";
    .port_info 2 /INPUT 1 "start";
    .port_info 3 /INPUT 8 "radical";
    .port_info 4 /OUTPUT 5 "resultado";
    .port_info 5 /OUTPUT 1 "done";
L_0x55d8468a5490 .functor BUFZ 5, v0x55d8468aa120_0, C4<00000>, C4<00000>, C4<00000>;
L_0x7f2fcb576018 .functor BUFT 1, C4<100000000>, C4<0>, C4<0>, C4<0>;
v0x55d8468cb1f0_0 .net/2u *"_ivl_0", 8 0, L_0x7f2fcb576018;  1 drivers
v0x55d8468cb2f0_0 .net "clk", 0 0, v0x55d8468cc450_0;  1 drivers
v0x55d8468cb440_0 .net "done", 0 0, v0x55d8468ca7d0_0;  alias, 1 drivers
v0x55d8468cb540_0 .net "radical", 7 0, v0x55d8468cc780_0;  1 drivers
v0x55d8468cb610_0 .net "resultado", 4 0, L_0x55d8468a5490;  alias, 1 drivers
v0x55d8468cb6b0_0 .net "rst", 0 0, v0x55d8468cc9a0_0;  1 drivers
v0x55d8468cb750_0 .net "start", 0 0, v0x55d8468cca40_0;  1 drivers
v0x55d8468cb7f0_0 .net "w_A", 8 0, v0x55d8468c9660_0;  1 drivers
v0x55d8468cb890_0 .net "w_B", 4 0, v0x55d8468aa120_0;  1 drivers
v0x55d8468cb9c0_0 .net "w_C", 7 0, v0x55d846870cb0_0;  1 drivers
v0x55d8468cba80_0 .net "w_R", 7 0, v0x55d8468c9870_0;  1 drivers
v0x55d8468cbb90_0 .net "w_calc_c", 0 0, v0x55d8468ca5d0_0;  1 drivers
v0x55d8468cbc80_0 .net "w_load_c", 0 0, v0x55d8468ca890_0;  1 drivers
v0x55d8468cbd70_0 .net "w_load_ra", 0 0, v0x55d8468ca980_0;  1 drivers
v0x55d8468cbe60_0 .net "w_set_b0", 0 0, v0x55d8468cab10_0;  1 drivers
v0x55d8468cbf50_0 .net "w_shift_b", 0 0, v0x55d8468cabb0_0;  1 drivers
v0x55d8468cc040_0 .net "w_shift_ra", 0 0, v0x55d8468cac50_0;  1 drivers
v0x55d8468cc130_0 .net "w_sub_ra", 0 0, v0x55d8468caed0_0;  1 drivers
v0x55d8468cc220_0 .net "w_z", 0 0, L_0x55d8468dcce0;  1 drivers
v0x55d8468cc310_0 .net "w_z_a", 0 0, L_0x55d8468dcaf0;  1 drivers
L_0x55d8468dcaf0 .cmp/eq 9, v0x55d8468c9660_0, L_0x7f2fcb576018;
S_0x55d84689efc0 .scope module, "comp" "comparador" 3 19, 4 1 0, S_0x55d84689ed10;
 .timescale -9 -12;
    .port_info 0 /INPUT 8 "R";
    .port_info 1 /INPUT 8 "C";
    .port_info 2 /OUTPUT 1 "z";
v0x55d8468a5730_0 .net "C", 7 0, v0x55d846870cb0_0;  alias, 1 drivers
v0x55d8468a99e0_0 .net "R", 7 0, v0x55d8468c9870_0;  alias, 1 drivers
v0x55d8468a9d20_0 .net "z", 0 0, L_0x55d8468dcce0;  alias, 1 drivers
L_0x55d8468dcce0 .cmp/ge 8, v0x55d8468c9870_0, v0x55d846870cb0_0;
S_0x55d8468c8930 .scope module, "corr_b" "Corr_b" 3 21, 5 1 0, S_0x55d84689ed10;
 .timescale -9 -12;
    .port_info 0 /INPUT 1 "clk";
    .port_info 1 /INPUT 1 "start";
    .port_info 2 /INPUT 1 "shift";
    .port_info 3 /INPUT 1 "b0";
    .port_info 4 /OUTPUT 5 "B";
v0x55d8468aa120_0 .var "B", 4 0;
v0x55d8468aab50_0 .net "b0", 0 0, v0x55d8468cab10_0;  alias, 1 drivers
v0x55d846874310_0 .net "clk", 0 0, v0x55d8468cc450_0;  alias, 1 drivers
v0x55d846874410_0 .net "shift", 0 0, v0x55d8468cabb0_0;  alias, 1 drivers
v0x55d8468a4920_0 .net "start", 0 0, v0x55d8468cca40_0;  alias, 1 drivers
E_0x55d84689a190 .event posedge, v0x55d8468a4920_0, v0x55d846874310_0;
S_0x55d8468c8d90 .scope module, "corr_c" "Corrimiento_c" 3 22, 6 1 0, S_0x55d84689ed10;
 .timescale -9 -12;
    .port_info 0 /INPUT 1 "clk";
    .port_info 1 /INPUT 1 "rst";
    .port_info 2 /INPUT 1 "load_b";
    .port_info 3 /INPUT 5 "B";
    .port_info 4 /INPUT 1 "calc_c";
    .port_info 5 /OUTPUT 8 "C";
v0x55d846870be0_0 .net "B", 4 0, v0x55d8468aa120_0;  alias, 1 drivers
v0x55d846870cb0_0 .var "C", 7 0;
v0x55d8468c90a0_0 .net "calc_c", 0 0, v0x55d8468ca5d0_0;  alias, 1 drivers
v0x55d8468c9140_0 .net "clk", 0 0, v0x55d8468cc450_0;  alias, 1 drivers
v0x55d8468c91e0_0 .net "load_b", 0 0, v0x55d8468ca890_0;  alias, 1 drivers
v0x55d8468c92d0_0 .net "rst", 0 0, v0x55d8468cc9a0_0;  alias, 1 drivers
E_0x55d84689a490 .event posedge, v0x55d8468c92d0_0, v0x55d846874310_0;
S_0x55d8468c9430 .scope module, "corr_ra" "Corrimiento_ra" 3 20, 7 1 0, S_0x55d84689ed10;
 .timescale -9 -12;
    .port_info 0 /INPUT 1 "clk";
    .port_info 1 /INPUT 1 "rst";
    .port_info 2 /INPUT 1 "load";
    .port_info 3 /INPUT 8 "radical_in";
    .port_info 4 /INPUT 1 "shift";
    .port_info 5 /INPUT 1 "sub_en";
    .port_info 6 /INPUT 8 "C";
    .port_info 7 /OUTPUT 9 "A";
    .port_info 8 /OUTPUT 8 "R";
v0x55d8468c9660_0 .var "A", 8 0;
v0x55d8468c9760_0 .net "C", 7 0, v0x55d846870cb0_0;  alias, 1 drivers
v0x55d8468c9870_0 .var "R", 7 0;
v0x55d8468c9910_0 .net "clk", 0 0, v0x55d8468cc450_0;  alias, 1 drivers
v0x55d8468c9a00_0 .net "load", 0 0, v0x55d8468ca980_0;  alias, 1 drivers
v0x55d8468c9af0_0 .net "radical_in", 7 0, v0x55d8468cc780_0;  alias, 1 drivers
v0x55d8468c9bd0_0 .net "rst", 0 0, v0x55d8468cc9a0_0;  alias, 1 drivers
v0x55d8468c9c70_0 .net "shift", 0 0, v0x55d8468cac50_0;  alias, 1 drivers
v0x55d8468c9d10_0 .net "sub_en", 0 0, v0x55d8468caed0_0;  alias, 1 drivers
S_0x55d8468c9ef0 .scope module, "ctrl" "control" 3 23, 8 1 0, S_0x55d84689ed10;
 .timescale -9 -12;
    .port_info 0 /INPUT 1 "clk";
    .port_info 1 /INPUT 1 "rst";
    .port_info 2 /INPUT 1 "start";
    .port_info 3 /INPUT 1 "z";
    .port_info 4 /INPUT 1 "z_a";
    .port_info 5 /OUTPUT 1 "load_ra";
    .port_info 6 /OUTPUT 1 "shift_ra";
    .port_info 7 /OUTPUT 1 "sub_ra";
    .port_info 8 /OUTPUT 1 "shift_b";
    .port_info 9 /OUTPUT 1 "set_b0";
    .port_info 10 /OUTPUT 1 "load_c";
    .port_info 11 /OUTPUT 1 "calc_c";
    .port_info 12 /OUTPUT 1 "done";
P_0x55d8468abd00 .param/l "CHECK" 0 8 13, C4<011>;
P_0x55d8468abd40 .param/l "CHECK_F" 0 8 15, C4<101>;
P_0x55d8468abd80 .param/l "DECB0" 0 8 14, C4<100>;
P_0x55d8468abdc0 .param/l "END" 0 8 16, C4<111>;
P_0x55d8468abe00 .param/l "SHIFT_CB" 0 8 12, C4<010>;
P_0x55d8468abe40 .param/l "SHIFT_RA" 0 8 11, C4<001>;
P_0x55d8468abe80 .param/l "START" 0 8 10, C4<000>;
v0x55d8468ca5d0_0 .var "calc_c", 0 0;
v0x55d8468ca690_0 .net "clk", 0 0, v0x55d8468cc450_0;  alias, 1 drivers
v0x55d8468ca730_0 .var "count", 3 0;
v0x55d8468ca7d0_0 .var "done", 0 0;
v0x55d8468ca890_0 .var "load_c", 0 0;
v0x55d8468ca980_0 .var "load_ra", 0 0;
v0x55d8468caa20_0 .net "rst", 0 0, v0x55d8468cc9a0_0;  alias, 1 drivers
v0x55d8468cab10_0 .var "set_b0", 0 0;
v0x55d8468cabb0_0 .var "shift_b", 0 0;
v0x55d8468cac50_0 .var "shift_ra", 0 0;
v0x55d8468cacf0_0 .net "start", 0 0, v0x55d8468cca40_0;  alias, 1 drivers
v0x55d8468cad90_0 .var "state", 2 0;
v0x55d8468cae30_0 .var "state_name", 320 1;
v0x55d8468caed0_0 .var "sub_ra", 0 0;
v0x55d8468caf70_0 .net "z", 0 0, L_0x55d8468dcce0;  alias, 1 drivers
v0x55d8468cb010_0 .net "z_a", 0 0, L_0x55d8468dcaf0;  alias, 1 drivers
E_0x55d84689a7b0 .event anyedge, v0x55d8468cad90_0;
    .scope S_0x55d8468c9430;
T_0 ;
    %wait E_0x55d84689a490;
    %load/vec4 v0x55d8468c9bd0_0;
    %flag_set/vec4 8;
    %jmp/0xz  T_0.0, 8;
    %pushi/vec4 0, 0, 9;
    %assign/vec4 v0x55d8468c9660_0, 0;
    %pushi/vec4 0, 0, 8;
    %assign/vec4 v0x55d8468c9870_0, 0;
    %jmp T_0.1;
T_0.0 ;
    %load/vec4 v0x55d8468c9a00_0;
    %flag_set/vec4 8;
    %jmp/0xz  T_0.2, 8;
    %load/vec4 v0x55d8468c9af0_0;
    %concati/vec4 1, 0, 1;
    %assign/vec4 v0x55d8468c9660_0, 0;
    %pushi/vec4 0, 0, 8;
    %assign/vec4 v0x55d8468c9870_0, 0;
    %jmp T_0.3;
T_0.2 ;
    %load/vec4 v0x55d8468c9c70_0;
    %flag_set/vec4 8;
    %jmp/0xz  T_0.4, 8;
    %load/vec4 v0x55d8468c9870_0;
    %load/vec4 v0x55d8468c9660_0;
    %concat/vec4; draw_concat_vec4
    %ix/load 4, 2, 0;
    %flag_set/imm 4, 0;
    %shiftl 4;
    %split/vec4 9;
    %assign/vec4 v0x55d8468c9660_0, 0;
    %assign/vec4 v0x55d8468c9870_0, 0;
    %jmp T_0.5;
T_0.4 ;
    %load/vec4 v0x55d8468c9d10_0;
    %flag_set/vec4 8;
    %jmp/0xz  T_0.6, 8;
    %load/vec4 v0x55d8468c9870_0;
    %load/vec4 v0x55d8468c9760_0;
    %sub;
    %assign/vec4 v0x55d8468c9870_0, 0;
T_0.6 ;
T_0.5 ;
T_0.3 ;
T_0.1 ;
    %jmp T_0;
    .thread T_0;
    .scope S_0x55d8468c8930;
T_1 ;
    %wait E_0x55d84689a190;
    %load/vec4 v0x55d8468a4920_0;
    %flag_set/vec4 8;
    %jmp/0xz  T_1.0, 8;
    %pushi/vec4 0, 0, 5;
    %store/vec4 v0x55d8468aa120_0, 0, 5;
    %jmp T_1.1;
T_1.0 ;
    %load/vec4 v0x55d846874410_0;
    %flag_set/vec4 8;
    %jmp/0xz  T_1.2, 8;
    %load/vec4 v0x55d8468aa120_0;
    %ix/load 4, 1, 0;
    %flag_set/imm 4, 0;
    %shiftl 4;
    %assign/vec4 v0x55d8468aa120_0, 0;
T_1.2 ;
    %load/vec4 v0x55d8468aab50_0;
    %flag_set/vec4 8;
    %jmp/0xz  T_1.4, 8;
    %pushi/vec4 1, 0, 1;
    %ix/load 5, 0, 0;
    %ix/load 4, 0, 0;
    %flag_set/imm 4, 0;
    %assign/vec4/off/d v0x55d8468aa120_0, 4, 5;
T_1.4 ;
T_1.1 ;
    %jmp T_1;
    .thread T_1;
    .scope S_0x55d8468c8d90;
T_2 ;
    %wait E_0x55d84689a490;
    %load/vec4 v0x55d8468c92d0_0;
    %flag_set/vec4 8;
    %jmp/0xz  T_2.0, 8;
    %pushi/vec4 0, 0, 8;
    %assign/vec4 v0x55d846870cb0_0, 0;
    %jmp T_2.1;
T_2.0 ;
    %load/vec4 v0x55d8468c91e0_0;
    %flag_set/vec4 8;
    %jmp/0xz  T_2.2, 8;
    %pushi/vec4 0, 0, 3;
    %load/vec4 v0x55d846870be0_0;
    %concat/vec4; draw_concat_vec4
    %assign/vec4 v0x55d846870cb0_0, 0;
    %jmp T_2.3;
T_2.2 ;
    %load/vec4 v0x55d8468c90a0_0;
    %flag_set/vec4 8;
    %jmp/0xz  T_2.4, 8;
    %load/vec4 v0x55d846870cb0_0;
    %ix/load 4, 2, 0;
    %flag_set/imm 4, 0;
    %shiftl 4;
    %pushi/vec4 1, 0, 8;
    %or;
    %assign/vec4 v0x55d846870cb0_0, 0;
T_2.4 ;
T_2.3 ;
T_2.1 ;
    %jmp T_2;
    .thread T_2;
    .scope S_0x55d8468c9ef0;
T_3 ;
    %wait E_0x55d84689a490;
    %load/vec4 v0x55d8468caa20_0;
    %flag_set/vec4 8;
    %jmp/0xz  T_3.0, 8;
    %pushi/vec4 0, 0, 3;
    %assign/vec4 v0x55d8468cad90_0, 0;
    %pushi/vec4 0, 0, 4;
    %assign/vec4 v0x55d8468ca730_0, 0;
    %jmp T_3.1;
T_3.0 ;
    %load/vec4 v0x55d8468cad90_0;
    %dup/vec4;
    %pushi/vec4 0, 0, 3;
    %cmp/u;
    %jmp/1 T_3.2, 6;
    %dup/vec4;
    %pushi/vec4 1, 0, 3;
    %cmp/u;
    %jmp/1 T_3.3, 6;
    %dup/vec4;
    %pushi/vec4 2, 0, 3;
    %cmp/u;
    %jmp/1 T_3.4, 6;
    %dup/vec4;
    %pushi/vec4 3, 0, 3;
    %cmp/u;
    %jmp/1 T_3.5, 6;
    %dup/vec4;
    %pushi/vec4 4, 0, 3;
    %cmp/u;
    %jmp/1 T_3.6, 6;
    %dup/vec4;
    %pushi/vec4 5, 0, 3;
    %cmp/u;
    %jmp/1 T_3.7, 6;
    %dup/vec4;
    %pushi/vec4 7, 0, 3;
    %cmp/u;
    %jmp/1 T_3.8, 6;
    %pushi/vec4 0, 0, 3;
    %assign/vec4 v0x55d8468cad90_0, 0;
    %jmp T_3.10;
T_3.2 ;
    %load/vec4 v0x55d8468cacf0_0;
    %flag_set/vec4 8;
    %jmp/0xz  T_3.11, 8;
    %pushi/vec4 1, 0, 3;
    %assign/vec4 v0x55d8468cad90_0, 0;
    %jmp T_3.12;
T_3.11 ;
    %pushi/vec4 0, 0, 3;
    %assign/vec4 v0x55d8468cad90_0, 0;
T_3.12 ;
    %jmp T_3.10;
T_3.3 ;
    %pushi/vec4 2, 0, 3;
    %assign/vec4 v0x55d8468cad90_0, 0;
    %jmp T_3.10;
T_3.4 ;
    %pushi/vec4 3, 0, 3;
    %assign/vec4 v0x55d8468cad90_0, 0;
    %jmp T_3.10;
T_3.5 ;
    %load/vec4 v0x55d8468caf70_0;
    %flag_set/vec4 8;
    %jmp/0xz  T_3.13, 8;
    %pushi/vec4 4, 0, 3;
    %assign/vec4 v0x55d8468cad90_0, 0;
    %jmp T_3.14;
T_3.13 ;
    %pushi/vec4 5, 0, 3;
    %assign/vec4 v0x55d8468cad90_0, 0;
T_3.14 ;
    %jmp T_3.10;
T_3.6 ;
    %pushi/vec4 5, 0, 3;
    %assign/vec4 v0x55d8468cad90_0, 0;
    %jmp T_3.10;
T_3.7 ;
    %load/vec4 v0x55d8468cb010_0;
    %flag_set/vec4 8;
    %jmp/0xz  T_3.15, 8;
    %pushi/vec4 7, 0, 3;
    %assign/vec4 v0x55d8468cad90_0, 0;
    %jmp T_3.16;
T_3.15 ;
    %pushi/vec4 1, 0, 3;
    %assign/vec4 v0x55d8468cad90_0, 0;
T_3.16 ;
    %jmp T_3.10;
T_3.8 ;
    %load/vec4 v0x55d8468cacf0_0;
    %flag_set/vec4 8;
    %jmp/0xz  T_3.17, 8;
    %pushi/vec4 0, 0, 3;
    %assign/vec4 v0x55d8468cad90_0, 0;
    %jmp T_3.18;
T_3.17 ;
    %pushi/vec4 7, 0, 3;
    %assign/vec4 v0x55d8468cad90_0, 0;
T_3.18 ;
    %jmp T_3.10;
T_3.10 ;
    %pop/vec4 1;
T_3.1 ;
    %jmp T_3;
    .thread T_3;
    .scope S_0x55d8468c9ef0;
T_4 ;
    %wait E_0x55d84689a7b0;
    %load/vec4 v0x55d8468cad90_0;
    %dup/vec4;
    %pushi/vec4 0, 0, 3;
    %cmp/u;
    %jmp/1 T_4.0, 6;
    %dup/vec4;
    %pushi/vec4 1, 0, 3;
    %cmp/u;
    %jmp/1 T_4.1, 6;
    %dup/vec4;
    %pushi/vec4 2, 0, 3;
    %cmp/u;
    %jmp/1 T_4.2, 6;
    %dup/vec4;
    %pushi/vec4 3, 0, 3;
    %cmp/u;
    %jmp/1 T_4.3, 6;
    %dup/vec4;
    %pushi/vec4 4, 0, 3;
    %cmp/u;
    %jmp/1 T_4.4, 6;
    %dup/vec4;
    %pushi/vec4 5, 0, 3;
    %cmp/u;
    %jmp/1 T_4.5, 6;
    %dup/vec4;
    %pushi/vec4 7, 0, 3;
    %cmp/u;
    %jmp/1 T_4.6, 6;
    %pushi/vec4 0, 0, 1;
    %store/vec4 v0x55d8468ca980_0, 0, 1;
    %pushi/vec4 0, 0, 1;
    %store/vec4 v0x55d8468cac50_0, 0, 1;
    %pushi/vec4 0, 0, 1;
    %store/vec4 v0x55d8468caed0_0, 0, 1;
    %pushi/vec4 0, 0, 1;
    %store/vec4 v0x55d8468cabb0_0, 0, 1;
    %pushi/vec4 0, 0, 1;
    %store/vec4 v0x55d8468cab10_0, 0, 1;
    %pushi/vec4 0, 0, 1;
    %store/vec4 v0x55d8468ca890_0, 0, 1;
    %pushi/vec4 0, 0, 1;
    %store/vec4 v0x55d8468ca5d0_0, 0, 1;
    %pushi/vec4 0, 0, 1;
    %store/vec4 v0x55d8468ca7d0_0, 0, 1;
    %jmp T_4.8;
T_4.0 ;
    %pushi/vec4 1, 0, 1;
    %store/vec4 v0x55d8468ca980_0, 0, 1;
    %pushi/vec4 0, 0, 1;
    %store/vec4 v0x55d8468cac50_0, 0, 1;
    %pushi/vec4 0, 0, 1;
    %store/vec4 v0x55d8468caed0_0, 0, 1;
    %pushi/vec4 0, 0, 1;
    %store/vec4 v0x55d8468cabb0_0, 0, 1;
    %pushi/vec4 0, 0, 1;
    %store/vec4 v0x55d8468cab10_0, 0, 1;
    %pushi/vec4 0, 0, 1;
    %store/vec4 v0x55d8468ca890_0, 0, 1;
    %pushi/vec4 0, 0, 1;
    %store/vec4 v0x55d8468ca5d0_0, 0, 1;
    %pushi/vec4 0, 0, 1;
    %store/vec4 v0x55d8468ca7d0_0, 0, 1;
    %jmp T_4.8;
T_4.1 ;
    %pushi/vec4 0, 0, 1;
    %store/vec4 v0x55d8468ca980_0, 0, 1;
    %pushi/vec4 1, 0, 1;
    %store/vec4 v0x55d8468cac50_0, 0, 1;
    %pushi/vec4 0, 0, 1;
    %store/vec4 v0x55d8468caed0_0, 0, 1;
    %pushi/vec4 0, 0, 1;
    %store/vec4 v0x55d8468cabb0_0, 0, 1;
    %pushi/vec4 0, 0, 1;
    %store/vec4 v0x55d8468cab10_0, 0, 1;
    %pushi/vec4 1, 0, 1;
    %store/vec4 v0x55d8468ca890_0, 0, 1;
    %pushi/vec4 0, 0, 1;
    %store/vec4 v0x55d8468ca5d0_0, 0, 1;
    %pushi/vec4 0, 0, 1;
    %store/vec4 v0x55d8468ca7d0_0, 0, 1;
    %jmp T_4.8;
T_4.2 ;
    %pushi/vec4 0, 0, 1;
    %store/vec4 v0x55d8468ca980_0, 0, 1;
    %pushi/vec4 0, 0, 1;
    %store/vec4 v0x55d8468cac50_0, 0, 1;
    %pushi/vec4 0, 0, 1;
    %store/vec4 v0x55d8468caed0_0, 0, 1;
    %pushi/vec4 1, 0, 1;
    %store/vec4 v0x55d8468cabb0_0, 0, 1;
    %pushi/vec4 0, 0, 1;
    %store/vec4 v0x55d8468cab10_0, 0, 1;
    %pushi/vec4 0, 0, 1;
    %store/vec4 v0x55d8468ca890_0, 0, 1;
    %pushi/vec4 1, 0, 1;
    %store/vec4 v0x55d8468ca5d0_0, 0, 1;
    %pushi/vec4 0, 0, 1;
    %store/vec4 v0x55d8468ca7d0_0, 0, 1;
    %jmp T_4.8;
T_4.3 ;
    %pushi/vec4 0, 0, 1;
    %store/vec4 v0x55d8468ca980_0, 0, 1;
    %pushi/vec4 0, 0, 1;
    %store/vec4 v0x55d8468cac50_0, 0, 1;
    %pushi/vec4 0, 0, 1;
    %store/vec4 v0x55d8468caed0_0, 0, 1;
    %pushi/vec4 0, 0, 1;
    %store/vec4 v0x55d8468cabb0_0, 0, 1;
    %pushi/vec4 0, 0, 1;
    %store/vec4 v0x55d8468cab10_0, 0, 1;
    %pushi/vec4 0, 0, 1;
    %store/vec4 v0x55d8468ca890_0, 0, 1;
    %pushi/vec4 0, 0, 1;
    %store/vec4 v0x55d8468ca5d0_0, 0, 1;
    %pushi/vec4 0, 0, 1;
    %store/vec4 v0x55d8468ca7d0_0, 0, 1;
    %jmp T_4.8;
T_4.4 ;
    %pushi/vec4 0, 0, 1;
    %store/vec4 v0x55d8468ca980_0, 0, 1;
    %pushi/vec4 0, 0, 1;
    %store/vec4 v0x55d8468cac50_0, 0, 1;
    %pushi/vec4 1, 0, 1;
    %store/vec4 v0x55d8468caed0_0, 0, 1;
    %pushi/vec4 0, 0, 1;
    %store/vec4 v0x55d8468cabb0_0, 0, 1;
    %pushi/vec4 1, 0, 1;
    %store/vec4 v0x55d8468cab10_0, 0, 1;
    %pushi/vec4 0, 0, 1;
    %store/vec4 v0x55d8468ca890_0, 0, 1;
    %pushi/vec4 0, 0, 1;
    %store/vec4 v0x55d8468ca5d0_0, 0, 1;
    %pushi/vec4 0, 0, 1;
    %store/vec4 v0x55d8468ca7d0_0, 0, 1;
    %jmp T_4.8;
T_4.5 ;
    %pushi/vec4 0, 0, 1;
    %store/vec4 v0x55d8468ca980_0, 0, 1;
    %pushi/vec4 0, 0, 1;
    %store/vec4 v0x55d8468cac50_0, 0, 1;
    %pushi/vec4 0, 0, 1;
    %store/vec4 v0x55d8468caed0_0, 0, 1;
    %pushi/vec4 0, 0, 1;
    %store/vec4 v0x55d8468cabb0_0, 0, 1;
    %pushi/vec4 0, 0, 1;
    %store/vec4 v0x55d8468cab10_0, 0, 1;
    %pushi/vec4 0, 0, 1;
    %store/vec4 v0x55d8468ca890_0, 0, 1;
    %pushi/vec4 0, 0, 1;
    %store/vec4 v0x55d8468ca5d0_0, 0, 1;
    %pushi/vec4 0, 0, 1;
    %store/vec4 v0x55d8468ca7d0_0, 0, 1;
    %jmp T_4.8;
T_4.6 ;
    %pushi/vec4 0, 0, 1;
    %store/vec4 v0x55d8468ca980_0, 0, 1;
    %pushi/vec4 0, 0, 1;
    %store/vec4 v0x55d8468cac50_0, 0, 1;
    %pushi/vec4 0, 0, 1;
    %store/vec4 v0x55d8468caed0_0, 0, 1;
    %pushi/vec4 0, 0, 1;
    %store/vec4 v0x55d8468cabb0_0, 0, 1;
    %pushi/vec4 0, 0, 1;
    %store/vec4 v0x55d8468cab10_0, 0, 1;
    %pushi/vec4 0, 0, 1;
    %store/vec4 v0x55d8468ca890_0, 0, 1;
    %pushi/vec4 0, 0, 1;
    %store/vec4 v0x55d8468ca5d0_0, 0, 1;
    %pushi/vec4 1, 0, 1;
    %store/vec4 v0x55d8468ca7d0_0, 0, 1;
    %jmp T_4.8;
T_4.8 ;
    %pop/vec4 1;
    %jmp T_4;
    .thread T_4, $push;
    .scope S_0x55d8468c9ef0;
T_5 ;
    %wait E_0x55d84689a7b0;
    %load/vec4 v0x55d8468cad90_0;
    %dup/vec4;
    %pushi/vec4 0, 0, 3;
    %cmp/u;
    %jmp/1 T_5.0, 6;
    %dup/vec4;
    %pushi/vec4 1, 0, 3;
    %cmp/u;
    %jmp/1 T_5.1, 6;
    %dup/vec4;
    %pushi/vec4 2, 0, 3;
    %cmp/u;
    %jmp/1 T_5.2, 6;
    %dup/vec4;
    %pushi/vec4 4, 0, 3;
    %cmp/u;
    %jmp/1 T_5.3, 6;
    %dup/vec4;
    %pushi/vec4 3, 0, 3;
    %cmp/u;
    %jmp/1 T_5.4, 6;
    %dup/vec4;
    %pushi/vec4 5, 0, 3;
    %cmp/u;
    %jmp/1 T_5.5, 6;
    %dup/vec4;
    %pushi/vec4 7, 0, 3;
    %cmp/u;
    %jmp/1 T_5.6, 6;
    %jmp T_5.7;
T_5.0 ;
    %pushi/vec4 0, 0, 32; draw_string_vec4
    %pushi/vec4 0, 0, 32; draw_string_vec4
    %concat/vec4; draw_string_vec4
    %pushi/vec4 0, 0, 32; draw_string_vec4
    %concat/vec4; draw_string_vec4
    %pushi/vec4 0, 0, 32; draw_string_vec4
    %concat/vec4; draw_string_vec4
    %pushi/vec4 0, 0, 32; draw_string_vec4
    %concat/vec4; draw_string_vec4
    %pushi/vec4 0, 0, 32; draw_string_vec4
    %concat/vec4; draw_string_vec4
    %pushi/vec4 0, 0, 32; draw_string_vec4
    %concat/vec4; draw_string_vec4
    %pushi/vec4 0, 0, 32; draw_string_vec4
    %concat/vec4; draw_string_vec4
    %pushi/vec4 83, 0, 32; draw_string_vec4
    %concat/vec4; draw_string_vec4
    %pushi/vec4 1413567060, 0, 32; draw_string_vec4
    %concat/vec4; draw_string_vec4
    %store/vec4 v0x55d8468cae30_0, 0, 320;
    %jmp T_5.7;
T_5.1 ;
    %pushi/vec4 0, 0, 32; draw_string_vec4
    %pushi/vec4 0, 0, 32; draw_string_vec4
    %concat/vec4; draw_string_vec4
    %pushi/vec4 0, 0, 32; draw_string_vec4
    %concat/vec4; draw_string_vec4
    %pushi/vec4 0, 0, 32; draw_string_vec4
    %concat/vec4; draw_string_vec4
    %pushi/vec4 0, 0, 32; draw_string_vec4
    %concat/vec4; draw_string_vec4
    %pushi/vec4 0, 0, 32; draw_string_vec4
    %concat/vec4; draw_string_vec4
    %pushi/vec4 0, 0, 32; draw_string_vec4
    %concat/vec4; draw_string_vec4
    %pushi/vec4 0, 0, 32; draw_string_vec4
    %concat/vec4; draw_string_vec4
    %pushi/vec4 1397246278, 0, 32; draw_string_vec4
    %concat/vec4; draw_string_vec4
    %pushi/vec4 1415533121, 0, 32; draw_string_vec4
    %concat/vec4; draw_string_vec4
    %store/vec4 v0x55d8468cae30_0, 0, 320;
    %jmp T_5.7;
T_5.2 ;
    %pushi/vec4 0, 0, 32; draw_string_vec4
    %pushi/vec4 0, 0, 32; draw_string_vec4
    %concat/vec4; draw_string_vec4
    %pushi/vec4 0, 0, 32; draw_string_vec4
    %concat/vec4; draw_string_vec4
    %pushi/vec4 0, 0, 32; draw_string_vec4
    %concat/vec4; draw_string_vec4
    %pushi/vec4 0, 0, 32; draw_string_vec4
    %concat/vec4; draw_string_vec4
    %pushi/vec4 0, 0, 32; draw_string_vec4
    %concat/vec4; draw_string_vec4
    %pushi/vec4 0, 0, 32; draw_string_vec4
    %concat/vec4; draw_string_vec4
    %pushi/vec4 0, 0, 32; draw_string_vec4
    %concat/vec4; draw_string_vec4
    %pushi/vec4 1397246278, 0, 32; draw_string_vec4
    %concat/vec4; draw_string_vec4
    %pushi/vec4 1415529282, 0, 32; draw_string_vec4
    %concat/vec4; draw_string_vec4
    %store/vec4 v0x55d8468cae30_0, 0, 320;
    %jmp T_5.7;
T_5.3 ;
    %pushi/vec4 0, 0, 32; draw_string_vec4
    %pushi/vec4 0, 0, 32; draw_string_vec4
    %concat/vec4; draw_string_vec4
    %pushi/vec4 0, 0, 32; draw_string_vec4
    %concat/vec4; draw_string_vec4
    %pushi/vec4 0, 0, 32; draw_string_vec4
    %concat/vec4; draw_string_vec4
    %pushi/vec4 0, 0, 32; draw_string_vec4
    %concat/vec4; draw_string_vec4
    %pushi/vec4 0, 0, 32; draw_string_vec4
    %concat/vec4; draw_string_vec4
    %pushi/vec4 0, 0, 32; draw_string_vec4
    %concat/vec4; draw_string_vec4
    %pushi/vec4 0, 0, 32; draw_string_vec4
    %concat/vec4; draw_string_vec4
    %pushi/vec4 68, 0, 32; draw_string_vec4
    %concat/vec4; draw_string_vec4
    %pushi/vec4 1162035760, 0, 32; draw_string_vec4
    %concat/vec4; draw_string_vec4
    %store/vec4 v0x55d8468cae30_0, 0, 320;
    %jmp T_5.7;
T_5.4 ;
    %pushi/vec4 0, 0, 32; draw_string_vec4
    %pushi/vec4 0, 0, 32; draw_string_vec4
    %concat/vec4; draw_string_vec4
    %pushi/vec4 0, 0, 32; draw_string_vec4
    %concat/vec4; draw_string_vec4
    %pushi/vec4 0, 0, 32; draw_string_vec4
    %concat/vec4; draw_string_vec4
    %pushi/vec4 0, 0, 32; draw_string_vec4
    %concat/vec4; draw_string_vec4
    %pushi/vec4 0, 0, 32; draw_string_vec4
    %concat/vec4; draw_string_vec4
    %pushi/vec4 0, 0, 32; draw_string_vec4
    %concat/vec4; draw_string_vec4
    %pushi/vec4 0, 0, 32; draw_string_vec4
    %concat/vec4; draw_string_vec4
    %pushi/vec4 67, 0, 32; draw_string_vec4
    %concat/vec4; draw_string_vec4
    %pushi/vec4 1212498763, 0, 32; draw_string_vec4
    %concat/vec4; draw_string_vec4
    %store/vec4 v0x55d8468cae30_0, 0, 320;
    %jmp T_5.7;
T_5.5 ;
    %pushi/vec4 0, 0, 32; draw_string_vec4
    %pushi/vec4 0, 0, 32; draw_string_vec4
    %concat/vec4; draw_string_vec4
    %pushi/vec4 0, 0, 32; draw_string_vec4
    %concat/vec4; draw_string_vec4
    %pushi/vec4 0, 0, 32; draw_string_vec4
    %concat/vec4; draw_string_vec4
    %pushi/vec4 0, 0, 32; draw_string_vec4
    %concat/vec4; draw_string_vec4
    %pushi/vec4 0, 0, 32; draw_string_vec4
    %concat/vec4; draw_string_vec4
    %pushi/vec4 0, 0, 32; draw_string_vec4
    %concat/vec4; draw_string_vec4
    %pushi/vec4 0, 0, 32; draw_string_vec4
    %concat/vec4; draw_string_vec4
    %pushi/vec4 17224, 0, 32; draw_string_vec4
    %concat/vec4; draw_string_vec4
    %pushi/vec4 1264534351, 0, 32; draw_string_vec4
    %concat/vec4; draw_string_vec4
    %store/vec4 v0x55d8468cae30_0, 0, 320;
    %jmp T_5.7;
T_5.6 ;
    %pushi/vec4 0, 0, 32; draw_string_vec4
    %pushi/vec4 0, 0, 32; draw_string_vec4
    %concat/vec4; draw_string_vec4
    %pushi/vec4 0, 0, 32; draw_string_vec4
    %concat/vec4; draw_string_vec4
    %pushi/vec4 0, 0, 32; draw_string_vec4
    %concat/vec4; draw_string_vec4
    %pushi/vec4 0, 0, 32; draw_string_vec4
    %concat/vec4; draw_string_vec4
    %pushi/vec4 0, 0, 32; draw_string_vec4
    %concat/vec4; draw_string_vec4
    %pushi/vec4 0, 0, 32; draw_string_vec4
    %concat/vec4; draw_string_vec4
    %pushi/vec4 0, 0, 32; draw_string_vec4
    %concat/vec4; draw_string_vec4
    %pushi/vec4 0, 0, 32; draw_string_vec4
    %concat/vec4; draw_string_vec4
    %pushi/vec4 4542020, 0, 32; draw_string_vec4
    %concat/vec4; draw_string_vec4
    %store/vec4 v0x55d8468cae30_0, 0, 320;
    %jmp T_5.7;
T_5.7 ;
    %pop/vec4 1;
    %jmp T_5;
    .thread T_5, $push;
    .scope S_0x55d84689bef0;
T_6 ;
T_6.0 ;
    %wait E_0x55d84689a450;
    %wait E_0x55d84689a770;
    %pushi/vec4 1, 0, 1;
    %store/vec4 v0x55d8468cc9a0_0, 0, 1;
    %wait E_0x55d84689a770;
    %pushi/vec4 0, 0, 1;
    %store/vec4 v0x55d8468cc9a0_0, 0, 1;
    %event E_0x55d84689a030;
    %jmp T_6.0;
T_6.1 ;
    %end;
    .thread T_6;
    .scope S_0x55d84689bef0;
T_7 ;
    %pushi/vec4 0, 0, 1;
    %store/vec4 v0x55d8468cc450_0, 0, 1;
    %pushi/vec4 1, 0, 1;
    %store/vec4 v0x55d8468cc9a0_0, 0, 1;
    %pushi/vec4 0, 0, 1;
    %store/vec4 v0x55d8468cc6c0_0, 0, 1;
    %pushi/vec4 0, 0, 1;
    %store/vec4 v0x55d8468cca40_0, 0, 1;
    %pushi/vec4 121, 0, 8;
    %store/vec4 v0x55d8468cc780_0, 0, 8;
    %end;
    .thread T_7;
    .scope S_0x55d84689bef0;
T_8 ;
    %delay 0, 0;
T_8.0 ;
    %pushi/vec4 0, 0, 1;
    %store/vec4 v0x55d8468cc450_0, 0, 1;
    %delay 10000, 0;
    %pushi/vec4 1, 0, 1;
    %store/vec4 v0x55d8468cc450_0, 0, 1;
    %delay 10000, 0;
    %jmp T_8.0;
T_8.1 ;
    %end;
    .thread T_8;
    .scope S_0x55d84689bef0;
T_9 ;
    %delay 10000, 0;
    %event E_0x55d84689a450;
    %wait E_0x55d84689a030;
    %wait E_0x55d84689c950;
    %pushi/vec4 1, 0, 1;
    %store/vec4 v0x55d8468cc6c0_0, 0, 1;
    %wait E_0x55d84689c950;
    %pushi/vec4 0, 0, 1;
    %store/vec4 v0x55d8468cc6c0_0, 0, 1;
    %pushi/vec4 0, 0, 21;
    %store/vec4 v0x55d8468cc620_0, 0, 21;
T_9.0 ; Top of for-loop
    %load/vec4 v0x55d8468cc620_0;
    %pad/u 32;
    %cmpi/u 2, 0, 32;
	  %jmp/0xz T_9.1, 5;
    %wait E_0x55d84689c950;
T_9.2 ; for-loop step statement
    %load/vec4 v0x55d8468cc620_0;
    %addi 1, 0, 21;
    %store/vec4 v0x55d8468cc620_0, 0, 21;
    %jmp T_9.0;
T_9.1 ; for-loop exit label
    %pushi/vec4 1, 0, 1;
    %store/vec4 v0x55d8468cca40_0, 0, 1;
    %wait E_0x55d84689c950;
    %pushi/vec4 0, 0, 1;
    %store/vec4 v0x55d8468cca40_0, 0, 1;
    %wait E_0x55d84689cc50;
    %delay 20000, 0;
    %vpi_call 2 70 "$finish" {0 0 0};
    %end;
    .thread T_9;
    .scope S_0x55d84689bef0;
T_10 ;
    %wait E_0x55d84689cc50;
    %vpi_call 2 75 "$display", " Valor Radical  : %d", v0x55d8468cc780_0 {0 0 0};
    %vpi_call 2 76 "$display", " RESULTADO FINAL : %d", v0x55d8468cc8e0_0 {0 0 0};
    %jmp T_10;
    .thread T_10;
    .scope S_0x55d84689bef0;
T_11 ;
    %fork t_1, S_0x55d84689c220;
    %jmp t_0;
    .scope S_0x55d84689c220;
t_1 ;
    %vpi_call 2 80 "$dumpfile", "TB/raiz_TB.vcd" {0 0 0};
    %vpi_call 2 81 "$dumpvars", 32'sb11111111111111111111111111111111, S_0x55d84689ed10 {0 0 0};
    %end;
    .scope S_0x55d84689bef0;
t_0 %join;
    %end;
    .thread T_11;
# The file index is used to find the file name in the following table.
:file_names 9;
    "N/A";
    "<interactive>";
    "TB/raiz_TB.v";
    "raiz.v";
    "Comp.v";
    "Corr_b.v";
    "Corr_c.v";
    "Corr_ra.v";
    "Control.v";
