#! /usr/bin/vvp
:ivl_version "13.0 (stable)" "(v13_0-dirty)";
:ivl_delay_selection "TYPICAL";
:vpi_time_precision - 12;
:vpi_module "/usr/lib/ivl/system.vpi";
:vpi_module "/usr/lib/ivl/vhdl_sys.vpi";
:vpi_module "/usr/lib/ivl/vhdl_textio.vpi";
:vpi_module "/usr/lib/ivl/v2005_math.vpi";
:vpi_module "/usr/lib/ivl/va_math.vpi";
S_0x561aa86daca0 .scope module, "div_TB" "div_TB" 2 3;
 .timescale -9 -12;
v0x561aa871f520_0 .var "A", 15 0;
v0x561aa871f600_0 .var "B", 15 0;
v0x561aa871f710_0 .var "clk", 0 0;
v0x561aa871f7b0_0 .net "cociente", 15 0, v0x561aa871ce00_0;  1 drivers
v0x561aa871f8a0_0 .net "done", 0 0, v0x561aa871d950_0;  1 drivers
v0x561aa871f9e0_0 .var "rst", 0 0;
v0x561aa871fa80_0 .var "start", 0 0;
S_0x561aa86dae30 .scope task, "run_case" "run_case" 2 16, 2 16 0, S_0x561aa86daca0;
 .timescale -9 -12;
v0x561aa86f9980_0 .var/i "cycles", 31 0;
v0x561aa86fd110_0 .var "dividend", 15 0;
v0x561aa86f8c10_0 .var "divisor", 15 0;
v0x561aa86c7dc0_0 .var "expected", 15 0;
E_0x561aa86eca70 .event posedge, v0x561aa86ca150_0;
E_0x561aa86ecff0 .event negedge, v0x561aa86ca150_0;
TD_div_TB.run_case ;
    %wait E_0x561aa86ecff0;
    %load/vec4 v0x561aa86f8c10_0;
    %store/vec4 v0x561aa871f520_0, 0, 16;
    %load/vec4 v0x561aa86fd110_0;
    %store/vec4 v0x561aa871f600_0, 0, 16;
    %pushi/vec4 1, 0, 1;
    %store/vec4 v0x561aa871fa80_0, 0, 1;
    %pushi/vec4 2, 0, 32;
T_0.0 %dup/vec4;
    %cmpi/s 0, 0, 32;
    %jmp/1xz T_0.1, 5;
    %jmp/1 T_0.1, 4;
    %subi 1, 0, 32;
    %wait E_0x561aa86eca70;
    %jmp T_0.0;
T_0.1 ;
    %pop/vec4 1;
    %wait E_0x561aa86ecff0;
    %pushi/vec4 0, 0, 1;
    %store/vec4 v0x561aa871fa80_0, 0, 1;
    %pushi/vec4 0, 0, 32;
    %store/vec4 v0x561aa86f9980_0, 0, 32;
T_0.2 ;
    %load/vec4 v0x561aa871f8a0_0;
    %cmpi/ne 1, 0, 1;
    %flag_get/vec4 6;
    %jmp/0 T_0.4, 6;
    %load/vec4 v0x561aa86f9980_0;
    %cmpi/s 200, 0, 32;
    %flag_get/vec4 5;
    %and;
T_0.4;
    %flag_set/vec4 8;
    %jmp/0xz T_0.3, 8;
    %wait E_0x561aa86eca70;
    %delay 1000, 0;
    %load/vec4 v0x561aa86f9980_0;
    %addi 1, 0, 32;
    %store/vec4 v0x561aa86f9980_0, 0, 32;
    %jmp T_0.2;
T_0.3 ;
    %load/vec4 v0x561aa871f8a0_0;
    %cmpi/ne 1, 0, 1;
    %jmp/0xz  T_0.5, 6;
    %vpi_call 2 40 "$display", "div_TB FAIL: timeout para %0d / %0d", v0x561aa86fd110_0, v0x561aa86f8c10_0 {0 0 0};
    %vpi_call 2 41 "$fatal", 32'sb00000000000000000000000000000001 {0 0 0};
T_0.5 ;
    %load/vec4 v0x561aa871f7b0_0;
    %load/vec4 v0x561aa86c7dc0_0;
    %cmp/ne;
    %jmp/0xz  T_0.7, 6;
    %vpi_call 2 45 "$display", "div_TB FAIL: %0d / %0d esperado=%0d obtenido=%0d", v0x561aa86fd110_0, v0x561aa86f8c10_0, v0x561aa86c7dc0_0, v0x561aa871f7b0_0 {0 0 0};
    %vpi_call 2 47 "$fatal", 32'sb00000000000000000000000000000001 {0 0 0};
T_0.7 ;
    %vpi_call 2 50 "$display", "div_TB OK: %0d / %0d = %0d (%0d ciclos)", v0x561aa86fd110_0, v0x561aa86f8c10_0, v0x561aa871f7b0_0, v0x561aa86f9980_0 {0 0 0};
    %end;
S_0x561aa871ae50 .scope module, "uut" "div" 2 12, 3 1 0, S_0x561aa86daca0;
 .timescale -9 -12;
    .port_info 0 /INPUT 1 "clk";
    .port_info 1 /INPUT 1 "rst";
    .port_info 2 /INPUT 1 "start";
    .port_info 3 /INPUT 16 "A";
    .port_info 4 /INPUT 16 "B";
    .port_info 5 /OUTPUT 16 "cociente";
    .port_info 6 /OUTPUT 1 "done";
v0x561aa871e6e0_0 .net "A", 15 0, v0x561aa871f520_0;  1 drivers
v0x561aa871e7f0_0 .net "B", 15 0, v0x561aa871f600_0;  1 drivers
v0x561aa871e8b0_0 .net "clk", 0 0, v0x561aa871f710_0;  1 drivers
v0x561aa871e9e0_0 .net "cociente", 15 0, v0x561aa871ce00_0;  alias, 1 drivers
v0x561aa871ea80_0 .net "done", 0 0, v0x561aa871d950_0;  alias, 1 drivers
v0x561aa871eb20_0 .net "rst", 0 0, v0x561aa871f9e0_0;  1 drivers
v0x561aa871ec50_0 .net "start", 0 0, v0x561aa871fa80_0;  1 drivers
v0x561aa871ecf0_0 .net "w_ac_sub", 15 0, L_0x561aa871fb70;  1 drivers
v0x561aa871ed90_0 .net "w_acb", 31 0, v0x561aa871c610_0;  1 drivers
v0x561aa871eec0_0 .net "w_dec", 0 0, v0x561aa871d8b0_0;  1 drivers
v0x561aa871ef60_0 .net "w_load", 0 0, v0x561aa871d9f0_0;  1 drivers
v0x561aa871f090_0 .net "w_load_ac", 0 0, v0x561aa871dae0_0;  1 drivers
v0x561aa871f130_0 .net "w_r0", 0 0, v0x561aa871db80_0;  1 drivers
v0x561aa871f220_0 .net "w_sh", 0 0, v0x561aa871dcc0_0;  1 drivers
v0x561aa871f2c0_0 .net "w_z", 0 0, L_0x561aa871fe50;  1 drivers
v0x561aa871f3b0_0 .net "w_z_co", 0 0, L_0x561aa87200d0;  1 drivers
L_0x561aa871fca0 .part v0x561aa871c610_0, 16, 16;
L_0x561aa871ffe0 .part v0x561aa871c610_0, 16, 16;
S_0x561aa871b140 .scope module, "cnt" "contador" 3 24, 4 1 0, S_0x561aa871ae50;
 .timescale -9 -12;
    .port_info 0 /INPUT 1 "clk";
    .port_info 1 /INPUT 1 "rst";
    .port_info 2 /INPUT 1 "load";
    .port_info 3 /INPUT 1 "dec";
    .port_info 4 /OUTPUT 1 "z_co";
L_0x7f4db61500a8 .functor BUFT 1, C4<00000>, C4<0>, C4<0>, C4<0>;
v0x561aa86c6730_0 .net/2u *"_ivl_0", 4 0, L_0x7f4db61500a8;  1 drivers
v0x561aa86ca150_0 .net "clk", 0 0, v0x561aa871f710_0;  alias, 1 drivers
v0x561aa86c2ef0_0 .var "count", 4 0;
v0x561aa86c3420_0 .net "dec", 0 0, v0x561aa871d8b0_0;  alias, 1 drivers
v0x561aa871b490_0 .net "load", 0 0, v0x561aa871d9f0_0;  alias, 1 drivers
v0x561aa871b5a0_0 .net "rst", 0 0, v0x561aa871f9e0_0;  alias, 1 drivers
v0x561aa871b660_0 .net "z_co", 0 0, L_0x561aa87200d0;  alias, 1 drivers
L_0x561aa87200d0 .cmp/eq 5, v0x561aa86c2ef0_0, L_0x7f4db61500a8;
S_0x561aa871b7c0 .scope module, "comp" "comparador_aca" 3 23, 5 1 0, S_0x561aa871ae50;
 .timescale -9 -12;
    .port_info 0 /INPUT 16 "Ac";
    .port_info 1 /INPUT 16 "A";
    .port_info 2 /OUTPUT 1 "z";
v0x561aa871b9c0_0 .net "A", 15 0, v0x561aa871f520_0;  alias, 1 drivers
v0x561aa871bac0_0 .net "Ac", 15 0, L_0x561aa871ffe0;  1 drivers
v0x561aa871bba0_0 .net *"_ivl_0", 0 0, L_0x561aa871fdb0;  1 drivers
L_0x7f4db6150018 .functor BUFT 1, C4<1>, C4<0>, C4<0>, C4<0>;
v0x561aa871bc40_0 .net/2u *"_ivl_2", 0 0, L_0x7f4db6150018;  1 drivers
L_0x7f4db6150060 .functor BUFT 1, C4<0>, C4<0>, C4<0>, C4<0>;
v0x561aa871bd20_0 .net/2u *"_ivl_4", 0 0, L_0x7f4db6150060;  1 drivers
v0x561aa871be50_0 .net "z", 0 0, L_0x561aa871fe50;  alias, 1 drivers
L_0x561aa871fdb0 .cmp/ge 16, L_0x561aa871ffe0, v0x561aa871f520_0;
L_0x561aa871fe50 .functor MUXZ 1, L_0x7f4db6150060, L_0x7f4db6150018, L_0x561aa871fdb0, C4<>;
S_0x561aa871bf90 .scope module, "corr_acb" "Corrimiento_acb" 3 20, 6 1 0, S_0x561aa871ae50;
 .timescale -9 -12;
    .port_info 0 /INPUT 1 "clk";
    .port_info 1 /INPUT 1 "rst";
    .port_info 2 /INPUT 16 "in_B";
    .port_info 3 /INPUT 16 "ac_sub";
    .port_info 4 /INPUT 1 "shift";
    .port_info 5 /INPUT 1 "load";
    .port_info 6 /INPUT 1 "load_ac";
    .port_info 7 /OUTPUT 32 "s_acb";
v0x561aa871c1c0_0 .net "ac_sub", 15 0, L_0x561aa871fb70;  alias, 1 drivers
v0x561aa871c280_0 .net "clk", 0 0, v0x561aa871f710_0;  alias, 1 drivers
v0x561aa871c340_0 .net "in_B", 15 0, v0x561aa871f600_0;  alias, 1 drivers
v0x561aa871c3e0_0 .net "load", 0 0, v0x561aa871d9f0_0;  alias, 1 drivers
v0x561aa871c480_0 .net "load_ac", 0 0, v0x561aa871dae0_0;  alias, 1 drivers
v0x561aa871c570_0 .net "rst", 0 0, v0x561aa871f9e0_0;  alias, 1 drivers
v0x561aa871c610_0 .var "s_acb", 31 0;
v0x561aa871c6b0_0 .net "shift", 0 0, v0x561aa871dcc0_0;  alias, 1 drivers
S_0x561aa871c8c0 .scope module, "corr_r" "corrimiento_r" 3 22, 7 1 0, S_0x561aa871ae50;
 .timescale -9 -12;
    .port_info 0 /INPUT 1 "clk";
    .port_info 1 /INPUT 1 "rst";
    .port_info 2 /INPUT 1 "shift";
    .port_info 3 /INPUT 1 "load";
    .port_info 4 /INPUT 1 "r0";
    .port_info 5 /OUTPUT 16 "s_r";
v0x561aa871ca50_0 .net "clk", 0 0, v0x561aa871f710_0;  alias, 1 drivers
v0x561aa871cb60_0 .net "load", 0 0, v0x561aa871d9f0_0;  alias, 1 drivers
v0x561aa871cc70_0 .net "r0", 0 0, v0x561aa871db80_0;  alias, 1 drivers
v0x561aa871cd10_0 .net "rst", 0 0, v0x561aa871f9e0_0;  alias, 1 drivers
v0x561aa871ce00_0 .var "s_r", 15 0;
v0x561aa871cf10_0 .net "shift", 0 0, v0x561aa871dcc0_0;  alias, 1 drivers
S_0x561aa871d050 .scope module, "ctrl" "control" 3 25, 8 1 0, S_0x561aa871ae50;
 .timescale -9 -12;
    .port_info 0 /INPUT 1 "clk";
    .port_info 1 /INPUT 1 "rst";
    .port_info 2 /INPUT 1 "start";
    .port_info 3 /INPUT 1 "z";
    .port_info 4 /INPUT 1 "z_co";
    .port_info 5 /OUTPUT 1 "done";
    .port_info 6 /OUTPUT 1 "sh";
    .port_info 7 /OUTPUT 1 "load";
    .port_info 8 /OUTPUT 1 "load_ac";
    .port_info 9 /OUTPUT 1 "r0";
    .port_info 10 /OUTPUT 1 "dec";
P_0x561aa871d280 .param/l "CHECK" 0 8 18, C4<010>;
P_0x561aa871d2c0 .param/l "CHK_CO" 0 8 20, C4<100>;
P_0x561aa871d300 .param/l "END_ST" 0 8 21, C4<101>;
P_0x561aa871d340 .param/l "SHIFT" 0 8 17, C4<001>;
P_0x561aa871d380 .param/l "START" 0 8 16, C4<000>;
P_0x561aa871d3c0 .param/l "SUB" 0 8 19, C4<011>;
v0x561aa871d710_0 .net "clk", 0 0, v0x561aa871f710_0;  alias, 1 drivers
v0x561aa871d7d0_0 .var "count", 3 0;
v0x561aa871d8b0_0 .var "dec", 0 0;
v0x561aa871d950_0 .var "done", 0 0;
v0x561aa871d9f0_0 .var "load", 0 0;
v0x561aa871dae0_0 .var "load_ac", 0 0;
v0x561aa871db80_0 .var "r0", 0 0;
v0x561aa871dc20_0 .net "rst", 0 0, v0x561aa871f9e0_0;  alias, 1 drivers
v0x561aa871dcc0_0 .var "sh", 0 0;
v0x561aa871dd60_0 .net "start", 0 0, v0x561aa871fa80_0;  alias, 1 drivers
v0x561aa871de00_0 .var "state", 2 0;
v0x561aa871dea0_0 .var "state_name", 320 1;
v0x561aa871df80_0 .net "z", 0 0, L_0x561aa871fe50;  alias, 1 drivers
v0x561aa871e020_0 .net "z_co", 0 0, L_0x561aa87200d0;  alias, 1 drivers
E_0x561aa86ec750 .event anyedge, v0x561aa871de00_0;
E_0x561aa86ece90 .event posedge, v0x561aa871b5a0_0, v0x561aa86ca150_0;
S_0x561aa871e240 .scope module, "dec" "resta_ac" 3 21, 9 1 0, S_0x561aa871ae50;
 .timescale -9 -12;
    .port_info 0 /INPUT 16 "Ac";
    .port_info 1 /INPUT 16 "A";
    .port_info 2 /OUTPUT 16 "ac_out";
v0x561aa871e440_0 .net "A", 15 0, v0x561aa871f520_0;  alias, 1 drivers
v0x561aa871e520_0 .net "Ac", 15 0, L_0x561aa871fca0;  1 drivers
v0x561aa871e5e0_0 .net "ac_out", 15 0, L_0x561aa871fb70;  alias, 1 drivers
L_0x561aa871fb70 .arith/sub 16, L_0x561aa871fca0, v0x561aa871f520_0;
    .scope S_0x561aa871bf90;
T_1 ;
    %wait E_0x561aa86eca70;
    %load/vec4 v0x561aa871c570_0;
    %flag_set/vec4 8;
    %jmp/0xz  T_1.0, 8;
    %pushi/vec4 0, 0, 32;
    %assign/vec4 v0x561aa871c610_0, 0;
    %jmp T_1.1;
T_1.0 ;
    %load/vec4 v0x561aa871c3e0_0;
    %flag_set/vec4 8;
    %jmp/0xz  T_1.2, 8;
    %pushi/vec4 0, 0, 16;
    %load/vec4 v0x561aa871c340_0;
    %concat/vec4; draw_concat_vec4
    %assign/vec4 v0x561aa871c610_0, 0;
    %jmp T_1.3;
T_1.2 ;
    %load/vec4 v0x561aa871c6b0_0;
    %flag_set/vec4 8;
    %jmp/0xz  T_1.4, 8;
    %load/vec4 v0x561aa871c610_0;
    %ix/load 4, 1, 0;
    %flag_set/imm 4, 0;
    %shiftl 4;
    %assign/vec4 v0x561aa871c610_0, 0;
T_1.4 ;
    %load/vec4 v0x561aa871c480_0;
    %flag_set/vec4 8;
    %jmp/0xz  T_1.6, 8;
    %load/vec4 v0x561aa871c1c0_0;
    %ix/load 5, 0, 0;
    %ix/load 4, 16, 0;
    %flag_set/imm 4, 0;
    %assign/vec4/off/d v0x561aa871c610_0, 4, 5;
T_1.6 ;
T_1.3 ;
T_1.1 ;
    %jmp T_1;
    .thread T_1;
    .scope S_0x561aa871c8c0;
T_2 ;
    %wait E_0x561aa86ecff0;
    %load/vec4 v0x561aa871cd10_0;
    %flag_set/vec4 8;
    %jmp/0xz  T_2.0, 8;
    %pushi/vec4 0, 0, 16;
    %assign/vec4 v0x561aa871ce00_0, 0;
    %jmp T_2.1;
T_2.0 ;
    %load/vec4 v0x561aa871cb60_0;
    %flag_set/vec4 8;
    %jmp/0xz  T_2.2, 8;
    %pushi/vec4 0, 0, 16;
    %assign/vec4 v0x561aa871ce00_0, 0;
    %jmp T_2.3;
T_2.2 ;
    %load/vec4 v0x561aa871cf10_0;
    %flag_set/vec4 8;
    %jmp/0xz  T_2.4, 8;
    %load/vec4 v0x561aa871ce00_0;
    %ix/load 4, 1, 0;
    %flag_set/imm 4, 0;
    %shiftl 4;
    %assign/vec4 v0x561aa871ce00_0, 0;
    %jmp T_2.5;
T_2.4 ;
    %load/vec4 v0x561aa871cc70_0;
    %flag_set/vec4 8;
    %jmp/0xz  T_2.6, 8;
    %pushi/vec4 1, 0, 1;
    %ix/load 5, 0, 0;
    %ix/load 4, 0, 0;
    %flag_set/imm 4, 0;
    %assign/vec4/off/d v0x561aa871ce00_0, 4, 5;
T_2.6 ;
T_2.5 ;
T_2.3 ;
T_2.1 ;
    %jmp T_2;
    .thread T_2;
    .scope S_0x561aa871b140;
T_3 ;
    %wait E_0x561aa86eca70;
    %load/vec4 v0x561aa871b5a0_0;
    %flag_set/vec4 8;
    %jmp/0xz  T_3.0, 8;
    %pushi/vec4 16, 0, 5;
    %assign/vec4 v0x561aa86c2ef0_0, 0;
    %jmp T_3.1;
T_3.0 ;
    %load/vec4 v0x561aa871b490_0;
    %flag_set/vec4 8;
    %jmp/0xz  T_3.2, 8;
    %pushi/vec4 16, 0, 5;
    %assign/vec4 v0x561aa86c2ef0_0, 0;
    %jmp T_3.3;
T_3.2 ;
    %load/vec4 v0x561aa86c3420_0;
    %flag_set/vec4 8;
    %jmp/0xz  T_3.4, 8;
    %load/vec4 v0x561aa86c2ef0_0;
    %subi 1, 0, 5;
    %assign/vec4 v0x561aa86c2ef0_0, 0;
T_3.4 ;
T_3.3 ;
T_3.1 ;
    %jmp T_3;
    .thread T_3;
    .scope S_0x561aa871d050;
T_4 ;
    %wait E_0x561aa86ece90;
    %load/vec4 v0x561aa871dc20_0;
    %flag_set/vec4 8;
    %jmp/0xz  T_4.0, 8;
    %pushi/vec4 0, 0, 3;
    %assign/vec4 v0x561aa871de00_0, 0;
    %pushi/vec4 0, 0, 4;
    %assign/vec4 v0x561aa871d7d0_0, 0;
    %jmp T_4.1;
T_4.0 ;
    %load/vec4 v0x561aa871de00_0;
    %dup/vec4;
    %pushi/vec4 0, 0, 3;
    %cmp/u;
    %jmp/1 T_4.2, 6;
    %dup/vec4;
    %pushi/vec4 1, 0, 3;
    %cmp/u;
    %jmp/1 T_4.3, 6;
    %dup/vec4;
    %pushi/vec4 2, 0, 3;
    %cmp/u;
    %jmp/1 T_4.4, 6;
    %dup/vec4;
    %pushi/vec4 3, 0, 3;
    %cmp/u;
    %jmp/1 T_4.5, 6;
    %dup/vec4;
    %pushi/vec4 4, 0, 3;
    %cmp/u;
    %jmp/1 T_4.6, 6;
    %dup/vec4;
    %pushi/vec4 5, 0, 3;
    %cmp/u;
    %jmp/1 T_4.7, 6;
    %pushi/vec4 0, 0, 3;
    %assign/vec4 v0x561aa871de00_0, 0;
    %jmp T_4.9;
T_4.2 ;
    %load/vec4 v0x561aa871dd60_0;
    %flag_set/vec4 8;
    %jmp/0xz  T_4.10, 8;
    %pushi/vec4 1, 0, 3;
    %assign/vec4 v0x561aa871de00_0, 0;
    %jmp T_4.11;
T_4.10 ;
    %pushi/vec4 0, 0, 3;
    %assign/vec4 v0x561aa871de00_0, 0;
T_4.11 ;
    %jmp T_4.9;
T_4.3 ;
    %pushi/vec4 2, 0, 3;
    %assign/vec4 v0x561aa871de00_0, 0;
    %jmp T_4.9;
T_4.4 ;
    %load/vec4 v0x561aa871df80_0;
    %flag_set/vec4 8;
    %jmp/0xz  T_4.12, 8;
    %pushi/vec4 3, 0, 3;
    %assign/vec4 v0x561aa871de00_0, 0;
    %jmp T_4.13;
T_4.12 ;
    %pushi/vec4 4, 0, 3;
    %assign/vec4 v0x561aa871de00_0, 0;
T_4.13 ;
    %jmp T_4.9;
T_4.5 ;
    %pushi/vec4 4, 0, 3;
    %assign/vec4 v0x561aa871de00_0, 0;
    %jmp T_4.9;
T_4.6 ;
    %load/vec4 v0x561aa871e020_0;
    %flag_set/vec4 8;
    %jmp/0xz  T_4.14, 8;
    %pushi/vec4 5, 0, 3;
    %assign/vec4 v0x561aa871de00_0, 0;
    %jmp T_4.15;
T_4.14 ;
    %pushi/vec4 1, 0, 3;
    %assign/vec4 v0x561aa871de00_0, 0;
T_4.15 ;
    %jmp T_4.9;
T_4.7 ;
    %load/vec4 v0x561aa871dd60_0;
    %flag_set/vec4 8;
    %jmp/0xz  T_4.16, 8;
    %pushi/vec4 0, 0, 3;
    %assign/vec4 v0x561aa871de00_0, 0;
    %jmp T_4.17;
T_4.16 ;
    %pushi/vec4 5, 0, 3;
    %assign/vec4 v0x561aa871de00_0, 0;
T_4.17 ;
    %jmp T_4.9;
T_4.9 ;
    %pop/vec4 1;
T_4.1 ;
    %jmp T_4;
    .thread T_4;
    .scope S_0x561aa871d050;
T_5 ;
    %wait E_0x561aa86ec750;
    %load/vec4 v0x561aa871de00_0;
    %dup/vec4;
    %pushi/vec4 0, 0, 3;
    %cmp/u;
    %jmp/1 T_5.0, 6;
    %dup/vec4;
    %pushi/vec4 1, 0, 3;
    %cmp/u;
    %jmp/1 T_5.1, 6;
    %dup/vec4;
    %pushi/vec4 2, 0, 3;
    %cmp/u;
    %jmp/1 T_5.2, 6;
    %dup/vec4;
    %pushi/vec4 3, 0, 3;
    %cmp/u;
    %jmp/1 T_5.3, 6;
    %dup/vec4;
    %pushi/vec4 4, 0, 3;
    %cmp/u;
    %jmp/1 T_5.4, 6;
    %dup/vec4;
    %pushi/vec4 5, 0, 3;
    %cmp/u;
    %jmp/1 T_5.5, 6;
    %pushi/vec4 0, 0, 1;
    %store/vec4 v0x561aa871d950_0, 0, 1;
    %pushi/vec4 0, 0, 1;
    %store/vec4 v0x561aa871dcc0_0, 0, 1;
    %pushi/vec4 0, 0, 1;
    %store/vec4 v0x561aa871d9f0_0, 0, 1;
    %pushi/vec4 0, 0, 1;
    %store/vec4 v0x561aa871dae0_0, 0, 1;
    %pushi/vec4 0, 0, 1;
    %store/vec4 v0x561aa871db80_0, 0, 1;
    %pushi/vec4 0, 0, 1;
    %store/vec4 v0x561aa871d8b0_0, 0, 1;
    %jmp T_5.7;
T_5.0 ;
    %pushi/vec4 0, 0, 1;
    %store/vec4 v0x561aa871d950_0, 0, 1;
    %pushi/vec4 0, 0, 1;
    %store/vec4 v0x561aa871dcc0_0, 0, 1;
    %pushi/vec4 1, 0, 1;
    %store/vec4 v0x561aa871d9f0_0, 0, 1;
    %pushi/vec4 0, 0, 1;
    %store/vec4 v0x561aa871dae0_0, 0, 1;
    %pushi/vec4 0, 0, 1;
    %store/vec4 v0x561aa871db80_0, 0, 1;
    %pushi/vec4 0, 0, 1;
    %store/vec4 v0x561aa871d8b0_0, 0, 1;
    %jmp T_5.7;
T_5.1 ;
    %pushi/vec4 0, 0, 1;
    %store/vec4 v0x561aa871d950_0, 0, 1;
    %pushi/vec4 1, 0, 1;
    %store/vec4 v0x561aa871dcc0_0, 0, 1;
    %pushi/vec4 0, 0, 1;
    %store/vec4 v0x561aa871d9f0_0, 0, 1;
    %pushi/vec4 0, 0, 1;
    %store/vec4 v0x561aa871dae0_0, 0, 1;
    %pushi/vec4 0, 0, 1;
    %store/vec4 v0x561aa871db80_0, 0, 1;
    %pushi/vec4 1, 0, 1;
    %store/vec4 v0x561aa871d8b0_0, 0, 1;
    %jmp T_5.7;
T_5.2 ;
    %pushi/vec4 0, 0, 1;
    %store/vec4 v0x561aa871d950_0, 0, 1;
    %pushi/vec4 0, 0, 1;
    %store/vec4 v0x561aa871dcc0_0, 0, 1;
    %pushi/vec4 0, 0, 1;
    %store/vec4 v0x561aa871d9f0_0, 0, 1;
    %pushi/vec4 0, 0, 1;
    %store/vec4 v0x561aa871dae0_0, 0, 1;
    %pushi/vec4 0, 0, 1;
    %store/vec4 v0x561aa871db80_0, 0, 1;
    %pushi/vec4 0, 0, 1;
    %store/vec4 v0x561aa871d8b0_0, 0, 1;
    %jmp T_5.7;
T_5.3 ;
    %pushi/vec4 0, 0, 1;
    %store/vec4 v0x561aa871d950_0, 0, 1;
    %pushi/vec4 0, 0, 1;
    %store/vec4 v0x561aa871dcc0_0, 0, 1;
    %pushi/vec4 0, 0, 1;
    %store/vec4 v0x561aa871d9f0_0, 0, 1;
    %pushi/vec4 1, 0, 1;
    %store/vec4 v0x561aa871dae0_0, 0, 1;
    %pushi/vec4 1, 0, 1;
    %store/vec4 v0x561aa871db80_0, 0, 1;
    %pushi/vec4 0, 0, 1;
    %store/vec4 v0x561aa871d8b0_0, 0, 1;
    %jmp T_5.7;
T_5.4 ;
    %pushi/vec4 0, 0, 1;
    %store/vec4 v0x561aa871d950_0, 0, 1;
    %pushi/vec4 0, 0, 1;
    %store/vec4 v0x561aa871dcc0_0, 0, 1;
    %pushi/vec4 0, 0, 1;
    %store/vec4 v0x561aa871d9f0_0, 0, 1;
    %pushi/vec4 0, 0, 1;
    %store/vec4 v0x561aa871dae0_0, 0, 1;
    %pushi/vec4 0, 0, 1;
    %store/vec4 v0x561aa871db80_0, 0, 1;
    %pushi/vec4 0, 0, 1;
    %store/vec4 v0x561aa871d8b0_0, 0, 1;
    %jmp T_5.7;
T_5.5 ;
    %pushi/vec4 1, 0, 1;
    %store/vec4 v0x561aa871d950_0, 0, 1;
    %pushi/vec4 0, 0, 1;
    %store/vec4 v0x561aa871dcc0_0, 0, 1;
    %pushi/vec4 0, 0, 1;
    %store/vec4 v0x561aa871d9f0_0, 0, 1;
    %pushi/vec4 0, 0, 1;
    %store/vec4 v0x561aa871dae0_0, 0, 1;
    %pushi/vec4 0, 0, 1;
    %store/vec4 v0x561aa871db80_0, 0, 1;
    %pushi/vec4 0, 0, 1;
    %store/vec4 v0x561aa871d8b0_0, 0, 1;
    %jmp T_5.7;
T_5.7 ;
    %pop/vec4 1;
    %jmp T_5;
    .thread T_5, $push;
    .scope S_0x561aa871d050;
T_6 ;
    %wait E_0x561aa86ec750;
    %load/vec4 v0x561aa871de00_0;
    %dup/vec4;
    %pushi/vec4 0, 0, 3;
    %cmp/u;
    %jmp/1 T_6.0, 6;
    %dup/vec4;
    %pushi/vec4 1, 0, 3;
    %cmp/u;
    %jmp/1 T_6.1, 6;
    %dup/vec4;
    %pushi/vec4 2, 0, 3;
    %cmp/u;
    %jmp/1 T_6.2, 6;
    %dup/vec4;
    %pushi/vec4 3, 0, 3;
    %cmp/u;
    %jmp/1 T_6.3, 6;
    %dup/vec4;
    %pushi/vec4 4, 0, 3;
    %cmp/u;
    %jmp/1 T_6.4, 6;
    %dup/vec4;
    %pushi/vec4 5, 0, 3;
    %cmp/u;
    %jmp/1 T_6.5, 6;
    %jmp T_6.6;
T_6.0 ;
    %pushi/vec4 0, 0, 32; draw_string_vec4
    %pushi/vec4 0, 0, 32; draw_string_vec4
    %concat/vec4; draw_string_vec4
    %pushi/vec4 0, 0, 32; draw_string_vec4
    %concat/vec4; draw_string_vec4
    %pushi/vec4 0, 0, 32; draw_string_vec4
    %concat/vec4; draw_string_vec4
    %pushi/vec4 0, 0, 32; draw_string_vec4
    %concat/vec4; draw_string_vec4
    %pushi/vec4 0, 0, 32; draw_string_vec4
    %concat/vec4; draw_string_vec4
    %pushi/vec4 0, 0, 32; draw_string_vec4
    %concat/vec4; draw_string_vec4
    %pushi/vec4 0, 0, 32; draw_string_vec4
    %concat/vec4; draw_string_vec4
    %pushi/vec4 83, 0, 32; draw_string_vec4
    %concat/vec4; draw_string_vec4
    %pushi/vec4 1413567060, 0, 32; draw_string_vec4
    %concat/vec4; draw_string_vec4
    %store/vec4 v0x561aa871dea0_0, 0, 320;
    %jmp T_6.6;
T_6.1 ;
    %pushi/vec4 0, 0, 32; draw_string_vec4
    %pushi/vec4 0, 0, 32; draw_string_vec4
    %concat/vec4; draw_string_vec4
    %pushi/vec4 0, 0, 32; draw_string_vec4
    %concat/vec4; draw_string_vec4
    %pushi/vec4 0, 0, 32; draw_string_vec4
    %concat/vec4; draw_string_vec4
    %pushi/vec4 0, 0, 32; draw_string_vec4
    %concat/vec4; draw_string_vec4
    %pushi/vec4 0, 0, 32; draw_string_vec4
    %concat/vec4; draw_string_vec4
    %pushi/vec4 0, 0, 32; draw_string_vec4
    %concat/vec4; draw_string_vec4
    %pushi/vec4 0, 0, 32; draw_string_vec4
    %concat/vec4; draw_string_vec4
    %pushi/vec4 83, 0, 32; draw_string_vec4
    %concat/vec4; draw_string_vec4
    %pushi/vec4 1212761684, 0, 32; draw_string_vec4
    %concat/vec4; draw_string_vec4
    %store/vec4 v0x561aa871dea0_0, 0, 320;
    %jmp T_6.6;
T_6.2 ;
    %pushi/vec4 0, 0, 32; draw_string_vec4
    %pushi/vec4 0, 0, 32; draw_string_vec4
    %concat/vec4; draw_string_vec4
    %pushi/vec4 0, 0, 32; draw_string_vec4
    %concat/vec4; draw_string_vec4
    %pushi/vec4 0, 0, 32; draw_string_vec4
    %concat/vec4; draw_string_vec4
    %pushi/vec4 0, 0, 32; draw_string_vec4
    %concat/vec4; draw_string_vec4
    %pushi/vec4 0, 0, 32; draw_string_vec4
    %concat/vec4; draw_string_vec4
    %pushi/vec4 0, 0, 32; draw_string_vec4
    %concat/vec4; draw_string_vec4
    %pushi/vec4 0, 0, 32; draw_string_vec4
    %concat/vec4; draw_string_vec4
    %pushi/vec4 67, 0, 32; draw_string_vec4
    %concat/vec4; draw_string_vec4
    %pushi/vec4 1212498763, 0, 32; draw_string_vec4
    %concat/vec4; draw_string_vec4
    %store/vec4 v0x561aa871dea0_0, 0, 320;
    %jmp T_6.6;
T_6.3 ;
    %pushi/vec4 0, 0, 32; draw_string_vec4
    %pushi/vec4 0, 0, 32; draw_string_vec4
    %concat/vec4; draw_string_vec4
    %pushi/vec4 0, 0, 32; draw_string_vec4
    %concat/vec4; draw_string_vec4
    %pushi/vec4 0, 0, 32; draw_string_vec4
    %concat/vec4; draw_string_vec4
    %pushi/vec4 0, 0, 32; draw_string_vec4
    %concat/vec4; draw_string_vec4
    %pushi/vec4 0, 0, 32; draw_string_vec4
    %concat/vec4; draw_string_vec4
    %pushi/vec4 0, 0, 32; draw_string_vec4
    %concat/vec4; draw_string_vec4
    %pushi/vec4 0, 0, 32; draw_string_vec4
    %concat/vec4; draw_string_vec4
    %pushi/vec4 0, 0, 32; draw_string_vec4
    %concat/vec4; draw_string_vec4
    %pushi/vec4 5461314, 0, 32; draw_string_vec4
    %concat/vec4; draw_string_vec4
    %store/vec4 v0x561aa871dea0_0, 0, 320;
    %jmp T_6.6;
T_6.4 ;
    %pushi/vec4 0, 0, 32; draw_string_vec4
    %pushi/vec4 0, 0, 32; draw_string_vec4
    %concat/vec4; draw_string_vec4
    %pushi/vec4 0, 0, 32; draw_string_vec4
    %concat/vec4; draw_string_vec4
    %pushi/vec4 0, 0, 32; draw_string_vec4
    %concat/vec4; draw_string_vec4
    %pushi/vec4 0, 0, 32; draw_string_vec4
    %concat/vec4; draw_string_vec4
    %pushi/vec4 0, 0, 32; draw_string_vec4
    %concat/vec4; draw_string_vec4
    %pushi/vec4 0, 0, 32; draw_string_vec4
    %concat/vec4; draw_string_vec4
    %pushi/vec4 0, 0, 32; draw_string_vec4
    %concat/vec4; draw_string_vec4
    %pushi/vec4 17224, 0, 32; draw_string_vec4
    %concat/vec4; draw_string_vec4
    %pushi/vec4 1264534351, 0, 32; draw_string_vec4
    %concat/vec4; draw_string_vec4
    %store/vec4 v0x561aa871dea0_0, 0, 320;
    %jmp T_6.6;
T_6.5 ;
    %pushi/vec4 0, 0, 32; draw_string_vec4
    %pushi/vec4 0, 0, 32; draw_string_vec4
    %concat/vec4; draw_string_vec4
    %pushi/vec4 0, 0, 32; draw_string_vec4
    %concat/vec4; draw_string_vec4
    %pushi/vec4 0, 0, 32; draw_string_vec4
    %concat/vec4; draw_string_vec4
    %pushi/vec4 0, 0, 32; draw_string_vec4
    %concat/vec4; draw_string_vec4
    %pushi/vec4 0, 0, 32; draw_string_vec4
    %concat/vec4; draw_string_vec4
    %pushi/vec4 0, 0, 32; draw_string_vec4
    %concat/vec4; draw_string_vec4
    %pushi/vec4 0, 0, 32; draw_string_vec4
    %concat/vec4; draw_string_vec4
    %pushi/vec4 0, 0, 32; draw_string_vec4
    %concat/vec4; draw_string_vec4
    %pushi/vec4 4542020, 0, 32; draw_string_vec4
    %concat/vec4; draw_string_vec4
    %store/vec4 v0x561aa871dea0_0, 0, 320;
    %jmp T_6.6;
T_6.6 ;
    %pop/vec4 1;
    %jmp T_6;
    .thread T_6, $push;
    .scope S_0x561aa86daca0;
T_7 ;
    %delay 5000, 0;
    %load/vec4 v0x561aa871f710_0;
    %inv;
    %store/vec4 v0x561aa871f710_0, 0, 1;
    %jmp T_7;
    .thread T_7;
    .scope S_0x561aa86daca0;
T_8 ;
    %vpi_call 2 56 "$dumpfile", "TB/div_TB.vcd" {0 0 0};
    %vpi_call 2 57 "$dumpvars", 32'sb00000000000000000000000000000000, S_0x561aa86daca0 {0 0 0};
    %pushi/vec4 0, 0, 1;
    %store/vec4 v0x561aa871f710_0, 0, 1;
    %pushi/vec4 1, 0, 1;
    %store/vec4 v0x561aa871f9e0_0, 0, 1;
    %pushi/vec4 0, 0, 1;
    %store/vec4 v0x561aa871fa80_0, 0, 1;
    %pushi/vec4 0, 0, 16;
    %store/vec4 v0x561aa871f520_0, 0, 16;
    %pushi/vec4 0, 0, 16;
    %store/vec4 v0x561aa871f600_0, 0, 16;
    %pushi/vec4 2, 0, 32;
T_8.0 %dup/vec4;
    %cmpi/s 0, 0, 32;
    %jmp/1xz T_8.1, 5;
    %jmp/1 T_8.1, 4;
    %subi 1, 0, 32;
    %wait E_0x561aa86eca70;
    %jmp T_8.0;
T_8.1 ;
    %pop/vec4 1;
    %wait E_0x561aa86ecff0;
    %pushi/vec4 0, 0, 1;
    %store/vec4 v0x561aa871f9e0_0, 0, 1;
    %pushi/vec4 50, 0, 16;
    %store/vec4 v0x561aa86fd110_0, 0, 16;
    %pushi/vec4 2, 0, 16;
    %store/vec4 v0x561aa86f8c10_0, 0, 16;
    %pushi/vec4 25, 0, 16;
    %store/vec4 v0x561aa86c7dc0_0, 0, 16;
    %fork TD_div_TB.run_case, S_0x561aa86dae30;
    %join;
    %pushi/vec4 27, 0, 16;
    %store/vec4 v0x561aa86fd110_0, 0, 16;
    %pushi/vec4 5, 0, 16;
    %store/vec4 v0x561aa86f8c10_0, 0, 16;
    %pushi/vec4 5, 0, 16;
    %store/vec4 v0x561aa86c7dc0_0, 0, 16;
    %fork TD_div_TB.run_case, S_0x561aa86dae30;
    %join;
    %pushi/vec4 7, 0, 16;
    %store/vec4 v0x561aa86fd110_0, 0, 16;
    %pushi/vec4 10, 0, 16;
    %store/vec4 v0x561aa86f8c10_0, 0, 16;
    %pushi/vec4 0, 0, 16;
    %store/vec4 v0x561aa86c7dc0_0, 0, 16;
    %fork TD_div_TB.run_case, S_0x561aa86dae30;
    %join;
    %pushi/vec4 0, 0, 16;
    %store/vec4 v0x561aa86fd110_0, 0, 16;
    %pushi/vec4 7, 0, 16;
    %store/vec4 v0x561aa86f8c10_0, 0, 16;
    %pushi/vec4 0, 0, 16;
    %store/vec4 v0x561aa86c7dc0_0, 0, 16;
    %fork TD_div_TB.run_case, S_0x561aa86dae30;
    %join;
    %pushi/vec4 65535, 0, 16;
    %store/vec4 v0x561aa86fd110_0, 0, 16;
    %pushi/vec4 1, 0, 16;
    %store/vec4 v0x561aa86f8c10_0, 0, 16;
    %pushi/vec4 65535, 0, 16;
    %store/vec4 v0x561aa86c7dc0_0, 0, 16;
    %fork TD_div_TB.run_case, S_0x561aa86dae30;
    %join;
    %pushi/vec4 65535, 0, 16;
    %store/vec4 v0x561aa86fd110_0, 0, 16;
    %pushi/vec4 255, 0, 16;
    %store/vec4 v0x561aa86f8c10_0, 0, 16;
    %pushi/vec4 257, 0, 16;
    %store/vec4 v0x561aa86c7dc0_0, 0, 16;
    %fork TD_div_TB.run_case, S_0x561aa86dae30;
    %join;
    %vpi_call 2 76 "$display", "div_TB PASS" {0 0 0};
    %vpi_call 2 77 "$finish" {0 0 0};
    %end;
    .thread T_8;
# The file index is used to find the file name in the following table.
:file_names 10;
    "N/A";
    "<interactive>";
    "TB/div_TB.v";
    "div.v";
    "cont.v";
    "Comp_aca.v";
    "Corr_acb.v";
    "Corr_r.v";
    "Control.v";
    "res.v";
