#! /usr/bin/vvp
:ivl_version "13.0 (stable)" "(v13_0-dirty)";
:ivl_delay_selection "TYPICAL";
:vpi_time_precision + 0;
:vpi_module "/usr/lib/ivl/system.vpi";
:vpi_module "/usr/lib/ivl/vhdl_sys.vpi";
:vpi_module "/usr/lib/ivl/vhdl_textio.vpi";
:vpi_module "/usr/lib/ivl/v2005_math.vpi";
:vpi_module "/usr/lib/ivl/va_math.vpi";
:vpi_module "/usr/lib/ivl/v2009.vpi";
S_0x55e0bdb985e0 .scope package, "$unit" "$unit" 2 1;
 .timescale 0 0;
S_0x55e0bdb98770 .scope module, "comparador_aca" "comparador_aca" 3 1;
 .timescale 0 0;
    .port_info 0 /INPUT 16 "Ac";
    .port_info 1 /INPUT 16 "A";
    .port_info 2 /OUTPUT 1 "z";
o0x7f9aacd52018 .functor BUFZ 16, c4<zzzzzzzzzzzzzzzz>; HiZ drive
v0x55e0bdbbed60_0 .net "A", 15 0, o0x7f9aacd52018;  0 drivers
o0x7f9aacd52048 .functor BUFZ 16, c4<zzzzzzzzzzzzzzzz>; HiZ drive
v0x55e0bdbe0380_0 .net "Ac", 15 0, o0x7f9aacd52048;  0 drivers
v0x55e0bdbe0460_0 .net *"_ivl_0", 0 0, L_0x55e0bdbe0850;  1 drivers
L_0x7f9aac9b7018 .functor BUFT 1, C4<1>, C4<0>, C4<0>, C4<0>;
v0x55e0bdbe0500_0 .net/2u *"_ivl_2", 0 0, L_0x7f9aac9b7018;  1 drivers
L_0x7f9aac9b7060 .functor BUFT 1, C4<0>, C4<0>, C4<0>, C4<0>;
v0x55e0bdbe05e0_0 .net/2u *"_ivl_4", 0 0, L_0x7f9aac9b7060;  1 drivers
v0x55e0bdbe0710_0 .net "z", 0 0, L_0x55e0bdbe09b0;  1 drivers
L_0x55e0bdbe0850 .cmp/ge 16, o0x7f9aacd52048, o0x7f9aacd52018;
L_0x55e0bdbe09b0 .functor MUXZ 1, L_0x7f9aac9b7060, L_0x7f9aac9b7018, L_0x55e0bdbe0850, C4<>;
# The file index is used to find the file name in the following table.
:file_names 4;
    "N/A";
    "<interactive>";
    "-";
    "Algoritmos/division/Core/Comp_aca.v";
