#! /usr/bin/vvp
:ivl_version "13.0 (stable)" "(v13_0-dirty)";
:ivl_delay_selection "TYPICAL";
:vpi_time_precision - 12;
:vpi_module "/usr/lib/ivl/system.vpi";
:vpi_module "/usr/lib/ivl/vhdl_sys.vpi";
:vpi_module "/usr/lib/ivl/vhdl_textio.vpi";
:vpi_module "/usr/lib/ivl/v2005_math.vpi";
:vpi_module "/usr/lib/ivl/va_math.vpi";
S_0x5570c9495c40 .scope module, "paridad_TB" "paridad_TB" 2 3;
 .timescale -9 -12;
v0x5570c94d1c60_0 .var "B", 15 0;
v0x5570c94d1d90_0 .var "clk", 0 0;
v0x5570c94d1e50_0 .net "done", 0 0, v0x5570c94d0100_0;  1 drivers
v0x5570c94d1f40_0 .net "resultado", 0 0, L_0x5570c94d23a0;  1 drivers
v0x5570c94d1fe0_0 .var "rst", 0 0;
v0x5570c94d20d0_0 .var "start", 0 0;
S_0x5570c9495dd0 .scope task, "run_case" "run_case" 2 15, 2 15 0, S_0x5570c9495c40;
 .timescale -9 -12;
v0x5570c94afad0_0 .var/i "cycles", 31 0;
v0x5570c94afcd0_0 .var "expected", 0 0;
v0x5570c9480da0_0 .var "value", 15 0;
E_0x5570c9493f30 .event posedge, v0x5570c9480550_0;
E_0x5570c94943b0 .event negedge, v0x5570c9480550_0;
TD_paridad_TB.run_case ;
    %wait E_0x5570c94943b0;
    %load/vec4 v0x5570c9480da0_0;
    %store/vec4 v0x5570c94d1c60_0, 0, 16;
    %pushi/vec4 1, 0, 1;
    %store/vec4 v0x5570c94d20d0_0, 0, 1;
    %pushi/vec4 2, 0, 32;
T_0.0 %dup/vec4;
    %cmpi/s 0, 0, 32;
    %jmp/1xz T_0.1, 5;
    %jmp/1 T_0.1, 4;
    %subi 1, 0, 32;
    %wait E_0x5570c9493f30;
    %jmp T_0.0;
T_0.1 ;
    %pop/vec4 1;
    %wait E_0x5570c94943b0;
    %pushi/vec4 0, 0, 1;
    %store/vec4 v0x5570c94d20d0_0, 0, 1;
    %pushi/vec4 0, 0, 32;
    %store/vec4 v0x5570c94afad0_0, 0, 32;
T_0.2 ;
    %load/vec4 v0x5570c94d1e50_0;
    %cmpi/ne 1, 0, 1;
    %flag_get/vec4 6;
    %jmp/0 T_0.4, 6;
    %load/vec4 v0x5570c94afad0_0;
    %cmpi/s 300, 0, 32;
    %flag_get/vec4 5;
    %and;
T_0.4;
    %flag_set/vec4 8;
    %jmp/0xz T_0.3, 8;
    %wait E_0x5570c9493f30;
    %delay 1000, 0;
    %load/vec4 v0x5570c94afad0_0;
    %addi 1, 0, 32;
    %store/vec4 v0x5570c94afad0_0, 0, 32;
    %jmp T_0.2;
T_0.3 ;
    %load/vec4 v0x5570c94d1e50_0;
    %cmpi/ne 1, 0, 1;
    %jmp/0xz  T_0.5, 6;
    %vpi_call 2 34 "$display", "paridad_TB FAIL: timeout para B=%h", v0x5570c9480da0_0 {0 0 0};
    %vpi_call 2 35 "$fatal", 32'sb00000000000000000000000000000001 {0 0 0};
T_0.5 ;
    %load/vec4 v0x5570c94d1f40_0;
    %load/vec4 v0x5570c94afcd0_0;
    %cmp/ne;
    %jmp/0xz  T_0.7, 6;
    %vpi_call 2 39 "$display", "paridad_TB FAIL: B=%h esperado=%b obtenido=%b", v0x5570c9480da0_0, v0x5570c94afcd0_0, v0x5570c94d1f40_0 {0 0 0};
    %vpi_call 2 40 "$fatal", 32'sb00000000000000000000000000000001 {0 0 0};
T_0.7 ;
    %vpi_call 2 43 "$display", "paridad_TB OK: B=%h paridad_impar=%b (%0d ciclos)", v0x5570c9480da0_0, v0x5570c94d1f40_0, v0x5570c94afad0_0 {0 0 0};
    %end;
S_0x5570c94ce6a0 .scope module, "uut" "paridad" 2 11, 3 1 0, S_0x5570c9495c40;
 .timescale -9 -12;
    .port_info 0 /INPUT 1 "clk";
    .port_info 1 /INPUT 1 "rst";
    .port_info 2 /INPUT 1 "start";
    .port_info 3 /INPUT 16 "B";
    .port_info 4 /OUTPUT 1 "resultado";
    .port_info 5 /OUTPUT 1 "done";
v0x5570c94d1020_0 .net "B", 15 0, v0x5570c94d1c60_0;  1 drivers
v0x5570c94d1100_0 .net "clk", 0 0, v0x5570c94d1d90_0;  1 drivers
v0x5570c94d1230_0 .net "done", 0 0, v0x5570c94d0100_0;  alias, 1 drivers
v0x5570c94d12d0_0 .net "resultado", 0 0, L_0x5570c94d23a0;  alias, 1 drivers
v0x5570c94d1370_0 .net "rst", 0 0, v0x5570c94d1fe0_0;  1 drivers
v0x5570c94d14a0_0 .net "start", 0 0, v0x5570c94d20d0_0;  1 drivers
v0x5570c94d1540_0 .net "w_b0", 0 0, L_0x5570c94d21c0;  1 drivers
v0x5570c94d15e0_0 .net "w_dec", 0 0, v0x5570c94d0060_0;  1 drivers
v0x5570c94d16d0_0 .net "w_inc", 0 0, v0x5570c94d01f0_0;  1 drivers
v0x5570c94d1800_0 .net "w_load", 0 0, v0x5570c94d0370_0;  1 drivers
v0x5570c94d1930_0 .net "w_out_b", 15 0, v0x5570c947bff0_0;  1 drivers
v0x5570c94d19d0_0 .net "w_r", 4 0, v0x5570c94d0e10_0;  1 drivers
v0x5570c94d1a70_0 .net "w_shift", 0 0, v0x5570c94d0500_0;  1 drivers
v0x5570c94d1b10_0 .net "w_z_co", 0 0, L_0x5570c94d22b0;  1 drivers
L_0x5570c94d23a0 .part v0x5570c94d0e10_0, 0, 1;
S_0x5570c94ce970 .scope module, "Corr_b" "Corr_b" 3 12, 4 1 0, S_0x5570c94ce6a0;
 .timescale -9 -12;
    .port_info 0 /INPUT 1 "clk";
    .port_info 1 /INPUT 1 "rst";
    .port_info 2 /INPUT 16 "in_B";
    .port_info 3 /INPUT 1 "shift";
    .port_info 4 /INPUT 1 "load";
    .port_info 5 /OUTPUT 16 "out_B";
    .port_info 6 /OUTPUT 1 "b0";
v0x5570c94abcb0_0 .net "b0", 0 0, L_0x5570c94d21c0;  alias, 1 drivers
v0x5570c9480550_0 .net "clk", 0 0, v0x5570c94d1d90_0;  alias, 1 drivers
v0x5570c947f470_0 .net "in_B", 15 0, v0x5570c94d1c60_0;  alias, 1 drivers
v0x5570c947bba0_0 .net "load", 0 0, v0x5570c94d0370_0;  alias, 1 drivers
v0x5570c947bff0_0 .var "out_B", 15 0;
v0x5570c94cec80_0 .net "rst", 0 0, v0x5570c94d1fe0_0;  alias, 1 drivers
v0x5570c94ced40_0 .net "shift", 0 0, v0x5570c94d0500_0;  alias, 1 drivers
L_0x5570c94d21c0 .part v0x5570c947bff0_0, 0, 1;
S_0x5570c94ceee0 .scope module, "cont" "cont" 3 13, 5 2 0, S_0x5570c94ce6a0;
 .timescale -9 -12;
    .port_info 0 /INPUT 1 "clk";
    .port_info 1 /INPUT 1 "rst";
    .port_info 2 /INPUT 1 "load";
    .port_info 3 /INPUT 1 "dec";
    .port_info 4 /OUTPUT 1 "z_co";
L_0x7f4bbfdb7018 .functor BUFT 1, C4<00000>, C4<0>, C4<0>, C4<0>;
v0x5570c94cf190_0 .net/2u *"_ivl_0", 4 0, L_0x7f4bbfdb7018;  1 drivers
v0x5570c94cf270_0 .net "clk", 0 0, v0x5570c94d1d90_0;  alias, 1 drivers
v0x5570c94cf330_0 .var "cont", 4 0;
v0x5570c94cf3d0_0 .net "dec", 0 0, v0x5570c94d0060_0;  alias, 1 drivers
v0x5570c94cf470_0 .net "load", 0 0, v0x5570c94d0370_0;  alias, 1 drivers
v0x5570c94cf560_0 .net "rst", 0 0, v0x5570c94d1fe0_0;  alias, 1 drivers
v0x5570c94cf600_0 .net "z_co", 0 0, L_0x5570c94d22b0;  alias, 1 drivers
L_0x5570c94d22b0 .cmp/eq 5, v0x5570c94cf330_0, L_0x7f4bbfdb7018;
S_0x5570c94cf720 .scope module, "control" "control" 3 16, 6 1 0, S_0x5570c94ce6a0;
 .timescale -9 -12;
    .port_info 0 /INPUT 1 "clk";
    .port_info 1 /INPUT 1 "rst";
    .port_info 2 /INPUT 1 "init";
    .port_info 3 /INPUT 1 "b0";
    .port_info 4 /INPUT 1 "z_co";
    .port_info 5 /OUTPUT 1 "done";
    .port_info 6 /OUTPUT 1 "shift";
    .port_info 7 /OUTPUT 1 "load";
    .port_info 8 /OUTPUT 1 "inc";
    .port_info 9 /OUTPUT 1 "dec";
P_0x5570c94ac0d0 .param/l "CHECK_B0" 0 6 15, C4<010>;
P_0x5570c94ac110 .param/l "CHECK_F" 0 6 19, C4<110>;
P_0x5570c94ac150 .param/l "DEC" 0 6 17, C4<100>;
P_0x5570c94ac190 .param/l "END_ST" 0 6 20, C4<111>;
P_0x5570c94ac1d0 .param/l "INC" 0 6 16, C4<011>;
P_0x5570c94ac210 .param/l "LOAD" 0 6 14, C4<001>;
P_0x5570c94ac250 .param/l "SHIFT" 0 6 18, C4<101>;
P_0x5570c94ac290 .param/l "START" 0 6 13, C4<000>;
v0x5570c94cfe10_0 .net "b0", 0 0, L_0x5570c94d21c0;  alias, 1 drivers
v0x5570c94cfed0_0 .net "clk", 0 0, v0x5570c94d1d90_0;  alias, 1 drivers
v0x5570c94cffc0_0 .var "count", 3 0;
v0x5570c94d0060_0 .var "dec", 0 0;
v0x5570c94d0100_0 .var "done", 0 0;
v0x5570c94d01f0_0 .var "inc", 0 0;
v0x5570c94d02b0_0 .net "init", 0 0, v0x5570c94d20d0_0;  alias, 1 drivers
v0x5570c94d0370_0 .var "load", 0 0;
v0x5570c94d0460_0 .net "rst", 0 0, v0x5570c94d1fe0_0;  alias, 1 drivers
v0x5570c94d0500_0 .var "shift", 0 0;
v0x5570c94d05a0_0 .var "state", 2 0;
v0x5570c94d0660_0 .var "state_name", 128 1;
v0x5570c94d0740_0 .net "z_co", 0 0, L_0x5570c94d22b0;  alias, 1 drivers
E_0x5570c9494900 .event anyedge, v0x5570c94d05a0_0;
E_0x5570c9494540 .event posedge, v0x5570c94cec80_0, v0x5570c9480550_0;
S_0x5570c94d0960 .scope module, "sum_r" "sum_r" 3 14, 7 1 0, S_0x5570c94ce6a0;
 .timescale -9 -12;
    .port_info 0 /INPUT 1 "clk";
    .port_info 1 /INPUT 1 "load";
    .port_info 2 /INPUT 1 "inc";
    .port_info 3 /OUTPUT 5 "r";
    .port_info 4 /INPUT 1 "rst";
v0x5570c94d0bf0_0 .net "clk", 0 0, v0x5570c94d1d90_0;  alias, 1 drivers
v0x5570c94d0cb0_0 .net "inc", 0 0, v0x5570c94d01f0_0;  alias, 1 drivers
v0x5570c94d0d70_0 .net "load", 0 0, v0x5570c94d0370_0;  alias, 1 drivers
v0x5570c94d0e10_0 .var "r", 4 0;
v0x5570c94d0eb0_0 .net "rst", 0 0, v0x5570c94d1fe0_0;  alias, 1 drivers
    .scope S_0x5570c94ce970;
T_1 ;
    %wait E_0x5570c9493f30;
    %load/vec4 v0x5570c94cec80_0;
    %flag_set/vec4 8;
    %jmp/0xz  T_1.0, 8;
    %pushi/vec4 0, 0, 16;
    %assign/vec4 v0x5570c947bff0_0, 0;
    %jmp T_1.1;
T_1.0 ;
    %load/vec4 v0x5570c947bba0_0;
    %flag_set/vec4 8;
    %jmp/0xz  T_1.2, 8;
    %load/vec4 v0x5570c947f470_0;
    %assign/vec4 v0x5570c947bff0_0, 0;
    %jmp T_1.3;
T_1.2 ;
    %load/vec4 v0x5570c94ced40_0;
    %flag_set/vec4 8;
    %jmp/0xz  T_1.4, 8;
    %load/vec4 v0x5570c947bff0_0;
    %ix/load 4, 1, 0;
    %flag_set/imm 4, 0;
    %shiftr 4;
    %assign/vec4 v0x5570c947bff0_0, 0;
T_1.4 ;
T_1.3 ;
T_1.1 ;
    %jmp T_1;
    .thread T_1;
    .scope S_0x5570c94ceee0;
T_2 ;
    %wait E_0x5570c9493f30;
    %load/vec4 v0x5570c94cf560_0;
    %flag_set/vec4 8;
    %jmp/0xz  T_2.0, 8;
    %pushi/vec4 16, 0, 5;
    %assign/vec4 v0x5570c94cf330_0, 0;
    %jmp T_2.1;
T_2.0 ;
    %load/vec4 v0x5570c94cf470_0;
    %flag_set/vec4 8;
    %jmp/0xz  T_2.2, 8;
    %pushi/vec4 16, 0, 5;
    %assign/vec4 v0x5570c94cf330_0, 0;
    %jmp T_2.3;
T_2.2 ;
    %load/vec4 v0x5570c94cf3d0_0;
    %flag_set/vec4 8;
    %jmp/0xz  T_2.4, 8;
    %load/vec4 v0x5570c94cf330_0;
    %subi 1, 0, 5;
    %assign/vec4 v0x5570c94cf330_0, 0;
T_2.4 ;
T_2.3 ;
T_2.1 ;
    %jmp T_2;
    .thread T_2;
    .scope S_0x5570c94d0960;
T_3 ;
    %wait E_0x5570c9493f30;
    %load/vec4 v0x5570c94d0eb0_0;
    %flag_set/vec4 8;
    %jmp/1 T_3.2, 8;
    %load/vec4 v0x5570c94d0d70_0;
    %flag_set/vec4 9;
    %flag_or 8, 9;
T_3.2;
    %jmp/0xz  T_3.0, 8;
    %pushi/vec4 0, 0, 5;
    %assign/vec4 v0x5570c94d0e10_0, 0;
    %jmp T_3.1;
T_3.0 ;
    %load/vec4 v0x5570c94d0cb0_0;
    %flag_set/vec4 8;
    %jmp/0xz  T_3.3, 8;
    %load/vec4 v0x5570c94d0e10_0;
    %addi 1, 0, 5;
    %assign/vec4 v0x5570c94d0e10_0, 0;
T_3.3 ;
T_3.1 ;
    %jmp T_3;
    .thread T_3;
    .scope S_0x5570c94cf720;
T_4 ;
    %wait E_0x5570c9494540;
    %load/vec4 v0x5570c94d0460_0;
    %flag_set/vec4 8;
    %jmp/0xz  T_4.0, 8;
    %pushi/vec4 0, 0, 3;
    %assign/vec4 v0x5570c94d05a0_0, 0;
    %pushi/vec4 0, 0, 4;
    %assign/vec4 v0x5570c94cffc0_0, 0;
    %jmp T_4.1;
T_4.0 ;
    %load/vec4 v0x5570c94d05a0_0;
    %dup/vec4;
    %pushi/vec4 0, 0, 3;
    %cmp/u;
    %jmp/1 T_4.2, 6;
    %dup/vec4;
    %pushi/vec4 1, 0, 3;
    %cmp/u;
    %jmp/1 T_4.3, 6;
    %dup/vec4;
    %pushi/vec4 2, 0, 3;
    %cmp/u;
    %jmp/1 T_4.4, 6;
    %dup/vec4;
    %pushi/vec4 3, 0, 3;
    %cmp/u;
    %jmp/1 T_4.5, 6;
    %dup/vec4;
    %pushi/vec4 4, 0, 3;
    %cmp/u;
    %jmp/1 T_4.6, 6;
    %dup/vec4;
    %pushi/vec4 5, 0, 3;
    %cmp/u;
    %jmp/1 T_4.7, 6;
    %dup/vec4;
    %pushi/vec4 6, 0, 3;
    %cmp/u;
    %jmp/1 T_4.8, 6;
    %dup/vec4;
    %pushi/vec4 7, 0, 3;
    %cmp/u;
    %jmp/1 T_4.9, 6;
    %pushi/vec4 0, 0, 3;
    %assign/vec4 v0x5570c94d05a0_0, 0;
    %jmp T_4.11;
T_4.2 ;
    %load/vec4 v0x5570c94d02b0_0;
    %flag_set/vec4 8;
    %jmp/0xz  T_4.12, 8;
    %pushi/vec4 1, 0, 3;
    %assign/vec4 v0x5570c94d05a0_0, 0;
    %jmp T_4.13;
T_4.12 ;
    %pushi/vec4 0, 0, 3;
    %assign/vec4 v0x5570c94d05a0_0, 0;
T_4.13 ;
    %jmp T_4.11;
T_4.3 ;
    %pushi/vec4 2, 0, 3;
    %assign/vec4 v0x5570c94d05a0_0, 0;
    %jmp T_4.11;
T_4.4 ;
    %load/vec4 v0x5570c94cfe10_0;
    %flag_set/vec4 8;
    %jmp/0xz  T_4.14, 8;
    %pushi/vec4 3, 0, 3;
    %assign/vec4 v0x5570c94d05a0_0, 0;
    %jmp T_4.15;
T_4.14 ;
    %pushi/vec4 4, 0, 3;
    %assign/vec4 v0x5570c94d05a0_0, 0;
T_4.15 ;
    %jmp T_4.11;
T_4.5 ;
    %pushi/vec4 4, 0, 3;
    %assign/vec4 v0x5570c94d05a0_0, 0;
    %jmp T_4.11;
T_4.6 ;
    %pushi/vec4 5, 0, 3;
    %assign/vec4 v0x5570c94d05a0_0, 0;
    %jmp T_4.11;
T_4.7 ;
    %pushi/vec4 6, 0, 3;
    %assign/vec4 v0x5570c94d05a0_0, 0;
    %jmp T_4.11;
T_4.8 ;
    %load/vec4 v0x5570c94d0740_0;
    %flag_set/vec4 8;
    %jmp/0xz  T_4.16, 8;
    %pushi/vec4 7, 0, 3;
    %assign/vec4 v0x5570c94d05a0_0, 0;
    %jmp T_4.17;
T_4.16 ;
    %pushi/vec4 2, 0, 3;
    %assign/vec4 v0x5570c94d05a0_0, 0;
T_4.17 ;
    %jmp T_4.11;
T_4.9 ;
    %load/vec4 v0x5570c94d02b0_0;
    %flag_set/vec4 8;
    %jmp/0xz  T_4.18, 8;
    %pushi/vec4 0, 0, 3;
    %assign/vec4 v0x5570c94d05a0_0, 0;
    %jmp T_4.19;
T_4.18 ;
    %pushi/vec4 7, 0, 3;
    %assign/vec4 v0x5570c94d05a0_0, 0;
T_4.19 ;
    %jmp T_4.11;
T_4.11 ;
    %pop/vec4 1;
T_4.1 ;
    %jmp T_4;
    .thread T_4;
    .scope S_0x5570c94cf720;
T_5 ;
    %wait E_0x5570c9494900;
    %load/vec4 v0x5570c94d05a0_0;
    %dup/vec4;
    %pushi/vec4 0, 0, 3;
    %cmp/u;
    %jmp/1 T_5.0, 6;
    %dup/vec4;
    %pushi/vec4 1, 0, 3;
    %cmp/u;
    %jmp/1 T_5.1, 6;
    %dup/vec4;
    %pushi/vec4 2, 0, 3;
    %cmp/u;
    %jmp/1 T_5.2, 6;
    %dup/vec4;
    %pushi/vec4 3, 0, 3;
    %cmp/u;
    %jmp/1 T_5.3, 6;
    %dup/vec4;
    %pushi/vec4 4, 0, 3;
    %cmp/u;
    %jmp/1 T_5.4, 6;
    %dup/vec4;
    %pushi/vec4 5, 0, 3;
    %cmp/u;
    %jmp/1 T_5.5, 6;
    %dup/vec4;
    %pushi/vec4 6, 0, 3;
    %cmp/u;
    %jmp/1 T_5.6, 6;
    %dup/vec4;
    %pushi/vec4 7, 0, 3;
    %cmp/u;
    %jmp/1 T_5.7, 6;
    %pushi/vec4 0, 0, 1;
    %store/vec4 v0x5570c94d0100_0, 0, 1;
    %pushi/vec4 0, 0, 1;
    %store/vec4 v0x5570c94d0500_0, 0, 1;
    %pushi/vec4 0, 0, 1;
    %store/vec4 v0x5570c94d0370_0, 0, 1;
    %pushi/vec4 0, 0, 1;
    %store/vec4 v0x5570c94d01f0_0, 0, 1;
    %pushi/vec4 0, 0, 1;
    %store/vec4 v0x5570c94d0060_0, 0, 1;
    %jmp T_5.9;
T_5.0 ;
    %pushi/vec4 0, 0, 1;
    %store/vec4 v0x5570c94d0100_0, 0, 1;
    %pushi/vec4 0, 0, 1;
    %store/vec4 v0x5570c94d0500_0, 0, 1;
    %pushi/vec4 0, 0, 1;
    %store/vec4 v0x5570c94d0370_0, 0, 1;
    %pushi/vec4 0, 0, 1;
    %store/vec4 v0x5570c94d01f0_0, 0, 1;
    %pushi/vec4 0, 0, 1;
    %store/vec4 v0x5570c94d0060_0, 0, 1;
    %jmp T_5.9;
T_5.1 ;
    %pushi/vec4 0, 0, 1;
    %store/vec4 v0x5570c94d0100_0, 0, 1;
    %pushi/vec4 0, 0, 1;
    %store/vec4 v0x5570c94d0500_0, 0, 1;
    %pushi/vec4 1, 0, 1;
    %store/vec4 v0x5570c94d0370_0, 0, 1;
    %pushi/vec4 0, 0, 1;
    %store/vec4 v0x5570c94d01f0_0, 0, 1;
    %pushi/vec4 0, 0, 1;
    %store/vec4 v0x5570c94d0060_0, 0, 1;
    %jmp T_5.9;
T_5.2 ;
    %pushi/vec4 0, 0, 1;
    %store/vec4 v0x5570c94d0100_0, 0, 1;
    %pushi/vec4 0, 0, 1;
    %store/vec4 v0x5570c94d0500_0, 0, 1;
    %pushi/vec4 0, 0, 1;
    %store/vec4 v0x5570c94d0370_0, 0, 1;
    %pushi/vec4 0, 0, 1;
    %store/vec4 v0x5570c94d01f0_0, 0, 1;
    %pushi/vec4 0, 0, 1;
    %store/vec4 v0x5570c94d0060_0, 0, 1;
    %jmp T_5.9;
T_5.3 ;
    %pushi/vec4 0, 0, 1;
    %store/vec4 v0x5570c94d0100_0, 0, 1;
    %pushi/vec4 0, 0, 1;
    %store/vec4 v0x5570c94d0500_0, 0, 1;
    %pushi/vec4 0, 0, 1;
    %store/vec4 v0x5570c94d0370_0, 0, 1;
    %pushi/vec4 1, 0, 1;
    %store/vec4 v0x5570c94d01f0_0, 0, 1;
    %pushi/vec4 0, 0, 1;
    %store/vec4 v0x5570c94d0060_0, 0, 1;
    %jmp T_5.9;
T_5.4 ;
    %pushi/vec4 0, 0, 1;
    %store/vec4 v0x5570c94d0100_0, 0, 1;
    %pushi/vec4 0, 0, 1;
    %store/vec4 v0x5570c94d0500_0, 0, 1;
    %pushi/vec4 0, 0, 1;
    %store/vec4 v0x5570c94d0370_0, 0, 1;
    %pushi/vec4 0, 0, 1;
    %store/vec4 v0x5570c94d01f0_0, 0, 1;
    %pushi/vec4 1, 0, 1;
    %store/vec4 v0x5570c94d0060_0, 0, 1;
    %jmp T_5.9;
T_5.5 ;
    %pushi/vec4 0, 0, 1;
    %store/vec4 v0x5570c94d0100_0, 0, 1;
    %pushi/vec4 1, 0, 1;
    %store/vec4 v0x5570c94d0500_0, 0, 1;
    %pushi/vec4 0, 0, 1;
    %store/vec4 v0x5570c94d0370_0, 0, 1;
    %pushi/vec4 0, 0, 1;
    %store/vec4 v0x5570c94d01f0_0, 0, 1;
    %pushi/vec4 0, 0, 1;
    %store/vec4 v0x5570c94d0060_0, 0, 1;
    %jmp T_5.9;
T_5.6 ;
    %pushi/vec4 0, 0, 1;
    %store/vec4 v0x5570c94d0100_0, 0, 1;
    %pushi/vec4 0, 0, 1;
    %store/vec4 v0x5570c94d0500_0, 0, 1;
    %pushi/vec4 0, 0, 1;
    %store/vec4 v0x5570c94d0370_0, 0, 1;
    %pushi/vec4 0, 0, 1;
    %store/vec4 v0x5570c94d01f0_0, 0, 1;
    %pushi/vec4 0, 0, 1;
    %store/vec4 v0x5570c94d0060_0, 0, 1;
    %jmp T_5.9;
T_5.7 ;
    %pushi/vec4 1, 0, 1;
    %store/vec4 v0x5570c94d0100_0, 0, 1;
    %pushi/vec4 0, 0, 1;
    %store/vec4 v0x5570c94d0500_0, 0, 1;
    %pushi/vec4 0, 0, 1;
    %store/vec4 v0x5570c94d0370_0, 0, 1;
    %pushi/vec4 0, 0, 1;
    %store/vec4 v0x5570c94d01f0_0, 0, 1;
    %pushi/vec4 0, 0, 1;
    %store/vec4 v0x5570c94d0060_0, 0, 1;
    %jmp T_5.9;
T_5.9 ;
    %pop/vec4 1;
    %jmp T_5;
    .thread T_5, $push;
    .scope S_0x5570c94cf720;
T_6 ;
    %wait E_0x5570c9494900;
    %load/vec4 v0x5570c94d05a0_0;
    %dup/vec4;
    %pushi/vec4 0, 0, 3;
    %cmp/u;
    %jmp/1 T_6.0, 6;
    %dup/vec4;
    %pushi/vec4 1, 0, 3;
    %cmp/u;
    %jmp/1 T_6.1, 6;
    %dup/vec4;
    %pushi/vec4 2, 0, 3;
    %cmp/u;
    %jmp/1 T_6.2, 6;
    %dup/vec4;
    %pushi/vec4 3, 0, 3;
    %cmp/u;
    %jmp/1 T_6.3, 6;
    %dup/vec4;
    %pushi/vec4 4, 0, 3;
    %cmp/u;
    %jmp/1 T_6.4, 6;
    %dup/vec4;
    %pushi/vec4 5, 0, 3;
    %cmp/u;
    %jmp/1 T_6.5, 6;
    %dup/vec4;
    %pushi/vec4 6, 0, 3;
    %cmp/u;
    %jmp/1 T_6.6, 6;
    %dup/vec4;
    %pushi/vec4 7, 0, 3;
    %cmp/u;
    %jmp/1 T_6.7, 6;
    %pushi/vec4 0, 0, 32; draw_string_vec4
    %pushi/vec4 0, 0, 32; draw_string_vec4
    %concat/vec4; draw_string_vec4
    %pushi/vec4 0, 0, 32; draw_string_vec4
    %concat/vec4; draw_string_vec4
    %pushi/vec4 1431194446, 0, 32; draw_string_vec4
    %concat/vec4; draw_string_vec4
    %store/vec4 v0x5570c94d0660_0, 0, 128;
    %jmp T_6.9;
T_6.0 ;
    %pushi/vec4 0, 0, 32; draw_string_vec4
    %pushi/vec4 0, 0, 32; draw_string_vec4
    %concat/vec4; draw_string_vec4
    %pushi/vec4 83, 0, 32; draw_string_vec4
    %concat/vec4; draw_string_vec4
    %pushi/vec4 1413567060, 0, 32; draw_string_vec4
    %concat/vec4; draw_string_vec4
    %store/vec4 v0x5570c94d0660_0, 0, 128;
    %jmp T_6.9;
T_6.1 ;
    %pushi/vec4 0, 0, 32; draw_string_vec4
    %pushi/vec4 0, 0, 32; draw_string_vec4
    %concat/vec4; draw_string_vec4
    %pushi/vec4 0, 0, 32; draw_string_vec4
    %concat/vec4; draw_string_vec4
    %pushi/vec4 1280262468, 0, 32; draw_string_vec4
    %concat/vec4; draw_string_vec4
    %store/vec4 v0x5570c94d0660_0, 0, 128;
    %jmp T_6.9;
T_6.2 ;
    %pushi/vec4 0, 0, 32; draw_string_vec4
    %pushi/vec4 0, 0, 32; draw_string_vec4
    %concat/vec4; draw_string_vec4
    %pushi/vec4 1128809795, 0, 32; draw_string_vec4
    %concat/vec4; draw_string_vec4
    %pushi/vec4 1264534064, 0, 32; draw_string_vec4
    %concat/vec4; draw_string_vec4
    %store/vec4 v0x5570c94d0660_0, 0, 128;
    %jmp T_6.9;
T_6.3 ;
    %pushi/vec4 0, 0, 32; draw_string_vec4
    %pushi/vec4 0, 0, 32; draw_string_vec4
    %concat/vec4; draw_string_vec4
    %pushi/vec4 0, 0, 32; draw_string_vec4
    %concat/vec4; draw_string_vec4
    %pushi/vec4 4804163, 0, 32; draw_string_vec4
    %concat/vec4; draw_string_vec4
    %store/vec4 v0x5570c94d0660_0, 0, 128;
    %jmp T_6.9;
T_6.4 ;
    %pushi/vec4 0, 0, 32; draw_string_vec4
    %pushi/vec4 0, 0, 32; draw_string_vec4
    %concat/vec4; draw_string_vec4
    %pushi/vec4 0, 0, 32; draw_string_vec4
    %concat/vec4; draw_string_vec4
    %pushi/vec4 4474179, 0, 32; draw_string_vec4
    %concat/vec4; draw_string_vec4
    %store/vec4 v0x5570c94d0660_0, 0, 128;
    %jmp T_6.9;
T_6.5 ;
    %pushi/vec4 0, 0, 32; draw_string_vec4
    %pushi/vec4 0, 0, 32; draw_string_vec4
    %concat/vec4; draw_string_vec4
    %pushi/vec4 83, 0, 32; draw_string_vec4
    %concat/vec4; draw_string_vec4
    %pushi/vec4 1212761684, 0, 32; draw_string_vec4
    %concat/vec4; draw_string_vec4
    %store/vec4 v0x5570c94d0660_0, 0, 128;
    %jmp T_6.9;
T_6.6 ;
    %pushi/vec4 0, 0, 32; draw_string_vec4
    %pushi/vec4 0, 0, 32; draw_string_vec4
    %concat/vec4; draw_string_vec4
    %pushi/vec4 4409413, 0, 32; draw_string_vec4
    %concat/vec4; draw_string_vec4
    %pushi/vec4 1129013062, 0, 32; draw_string_vec4
    %concat/vec4; draw_string_vec4
    %store/vec4 v0x5570c94d0660_0, 0, 128;
    %jmp T_6.9;
T_6.7 ;
    %pushi/vec4 0, 0, 32; draw_string_vec4
    %pushi/vec4 0, 0, 32; draw_string_vec4
    %concat/vec4; draw_string_vec4
    %pushi/vec4 0, 0, 32; draw_string_vec4
    %concat/vec4; draw_string_vec4
    %pushi/vec4 4542020, 0, 32; draw_string_vec4
    %concat/vec4; draw_string_vec4
    %store/vec4 v0x5570c94d0660_0, 0, 128;
    %jmp T_6.9;
T_6.9 ;
    %pop/vec4 1;
    %jmp T_6;
    .thread T_6, $push;
    .scope S_0x5570c9495c40;
T_7 ;
    %delay 5000, 0;
    %load/vec4 v0x5570c94d1d90_0;
    %inv;
    %store/vec4 v0x5570c94d1d90_0, 0, 1;
    %jmp T_7;
    .thread T_7;
    .scope S_0x5570c9495c40;
T_8 ;
    %vpi_call 2 48 "$dumpfile", "TB/paridad_TB.vcd" {0 0 0};
    %vpi_call 2 49 "$dumpvars", 32'sb00000000000000000000000000000000, S_0x5570c9495c40 {0 0 0};
    %pushi/vec4 0, 0, 1;
    %store/vec4 v0x5570c94d1d90_0, 0, 1;
    %pushi/vec4 1, 0, 1;
    %store/vec4 v0x5570c94d1fe0_0, 0, 1;
    %pushi/vec4 0, 0, 1;
    %store/vec4 v0x5570c94d20d0_0, 0, 1;
    %pushi/vec4 0, 0, 16;
    %store/vec4 v0x5570c94d1c60_0, 0, 16;
    %pushi/vec4 2, 0, 32;
T_8.0 %dup/vec4;
    %cmpi/s 0, 0, 32;
    %jmp/1xz T_8.1, 5;
    %jmp/1 T_8.1, 4;
    %subi 1, 0, 32;
    %wait E_0x5570c9493f30;
    %jmp T_8.0;
T_8.1 ;
    %pop/vec4 1;
    %wait E_0x5570c94943b0;
    %pushi/vec4 0, 0, 1;
    %store/vec4 v0x5570c94d1fe0_0, 0, 1;
    %pushi/vec4 0, 0, 16;
    %store/vec4 v0x5570c9480da0_0, 0, 16;
    %pushi/vec4 0, 0, 1;
    %store/vec4 v0x5570c94afcd0_0, 0, 1;
    %fork TD_paridad_TB.run_case, S_0x5570c9495dd0;
    %join;
    %pushi/vec4 1, 0, 16;
    %store/vec4 v0x5570c9480da0_0, 0, 16;
    %pushi/vec4 1, 0, 1;
    %store/vec4 v0x5570c94afcd0_0, 0, 1;
    %fork TD_paridad_TB.run_case, S_0x5570c9495dd0;
    %join;
    %pushi/vec4 65535, 0, 16;
    %store/vec4 v0x5570c9480da0_0, 0, 16;
    %pushi/vec4 0, 0, 1;
    %store/vec4 v0x5570c94afcd0_0, 0, 1;
    %fork TD_paridad_TB.run_case, S_0x5570c9495dd0;
    %join;
    %pushi/vec4 61680, 0, 16;
    %store/vec4 v0x5570c9480da0_0, 0, 16;
    %pushi/vec4 0, 0, 1;
    %store/vec4 v0x5570c94afcd0_0, 0, 1;
    %fork TD_paridad_TB.run_case, S_0x5570c9495dd0;
    %join;
    %pushi/vec4 61681, 0, 16;
    %store/vec4 v0x5570c9480da0_0, 0, 16;
    %pushi/vec4 1, 0, 1;
    %store/vec4 v0x5570c94afcd0_0, 0, 1;
    %fork TD_paridad_TB.run_case, S_0x5570c9495dd0;
    %join;
    %pushi/vec4 43690, 0, 16;
    %store/vec4 v0x5570c9480da0_0, 0, 16;
    %pushi/vec4 0, 0, 1;
    %store/vec4 v0x5570c94afcd0_0, 0, 1;
    %fork TD_paridad_TB.run_case, S_0x5570c9495dd0;
    %join;
    %pushi/vec4 32768, 0, 16;
    %store/vec4 v0x5570c9480da0_0, 0, 16;
    %pushi/vec4 1, 0, 1;
    %store/vec4 v0x5570c94afcd0_0, 0, 1;
    %fork TD_paridad_TB.run_case, S_0x5570c9495dd0;
    %join;
    %vpi_call 2 68 "$display", "paridad_TB PASS" {0 0 0};
    %vpi_call 2 69 "$finish" {0 0 0};
    %end;
    .thread T_8;
# The file index is used to find the file name in the following table.
:file_names 8;
    "N/A";
    "<interactive>";
    "TB/paridad_TB.v";
    "paridad.v";
    "Corr_b.v";
    "cont.v";
    "control.v";
    "sum_r.v";
